#
# A fatal error has been detected by the Java Runtime Environment:
#
#  Internal Error (jvmciRuntime.cpp:1609), pid=30, tid=45
#  fatal error: Fatal exception in JVMCI: Error calling jdk.vm.ci.services.Services.serializeSavedProperties
#
# JRE version: OpenJDK Runtime Environment GraalVM CE 22.3.0 (17.0.5+8) (build 17.0.5+8-jvmci-22.3-b08)
# Java VM: OpenJDK 64-Bit Server VM GraalVM CE 22.3.0 (17.0.5+8-jvmci-22.3-b08, mixed mode, sharing, tiered, jvmci, jvmci compiler, compressed oops, compressed class ptrs, parallel gc, linux-amd64)
# Problematic frame:
# V  [libjvm.so+0x972714]  JVMCIRuntime::fatal_exception(JVMCIEnv*, char const*)+0x74
#
# Core dump will be written. Default location: Core dumps may be processed with "/usr/share/apport/apport -p%p -s%s -c%c -d%d -P%P -u%u -g%g -- %E" (or dumping to /home/runner/Zadanie23-Suma/core.30)
#
# If you would like to submit a bug report, please visit:
#   https://github.com/oracle/graal/issues
#

---------------  S U M M A R Y ------------

Command Line: -XX:ThreadPriorityPolicy=1 -XX:+UnlockExperimentalVMOptions -XX:+EnableJVMCIProduct -XX:JVMCIThreadsPerNativeLibraryRuntime=1 -XX:-UnlockExperimentalVMOptions -Declipse.application=org.eclipse.jdt.ls.core.id1 -Dosgi.bundles.defaultStartLevel=4 -Declipse.product=org.eclipse.jdt.ls.core.product -Dlog.level=ALL -Xverify:none -XX:+UseParallelGC -XX:GCTimeRatio=4 -XX:AdaptiveSizePolicyWeight=90 -Dsun.zip.disableMemoryMapping=true -Xmx512m -Xms100m /nix/store/m6gcpi1ii6rghy04cjwjddcavv7i90df-jdt-language-server-1.9.0/share/java/plugins/org.eclipse.equinox.launcher_1.6.400.v20210924-0641.jar --add-modules=ALL-SYSTEM --add-opens java.base/java.util=ALL-UNNAMED --add-opens java.base/java.lang=ALL-UNNAMED -configuration /home/runner/.cache/jdt-language-server/config -data /home/runner/.cache/jdt-language-server/data/home/runner/Zadanie23-Suma

Host: AMD EPYC 7B12, 8 cores, 1G, Ubuntu 20.04.2 LTS
Time: Wed Mar 15 09:58:54 2023 UTC elapsed time: 1017.910726 seconds (0d 0h 16m 57s)

---------------  T H R E A D  ---------------

Current thread (0x00007f44980b21e0):  JavaThread "JVMCI-native CompilerThread0" daemon [_thread_in_vm, id=45, stack(0x00007f449c118000,0x00007f449c318000)]


Current CompileTask:
JVMCI-native:1017910 10497       4       java.lang.Thread::interrupted (23 bytes)

Stack: [0x00007f449c118000,0x00007f449c318000],  sp=0x00007f449c316380,  free space=2040k
Native frames: (J=compiled Java code, j=interpreted, Vv=VM code, C=native code)
V  [libjvm.so+0x972714]  JVMCIRuntime::fatal_exception(JVMCIEnv*, char const*)+0x74
V  [libjvm.so+0x93e2fe]  JVMCIEnv::copy_saved_properties()+0x14e
V  [libjvm.so+0x9732a9]  JVMCIRuntime::initialize(JVMCIEnv*)+0xb19
V  [libjvm.so+0x9738a2]  JVMCIRuntime::get_HotSpotJVMCIRuntime(JVMCIEnv*)+0x12
V  [libjvm.so+0x9749f2]  JVMCIRuntime::compile_method(JVMCIEnv*, JVMCICompiler*, methodHandle const&, int)+0xd2
V  [libjvm.so+0x5b0d20]  CompileBroker::invoke_compiler_on_method(CompileTask*)+0x1470
V  [libjvm.so+0x5b12e8]  CompileBroker::compiler_thread_loop()+0x528
V  [libjvm.so+0xd82460]  JavaThread::thread_main_inner()+0xd0
V  [libjvm.so+0xd85a40]  Thread::call_run()+0xc0
V  [libjvm.so+0xbdb1e1]  thread_native_entry(Thread*)+0xe1

Register to memory mapping:

RAX=0x00007f449f276000 points into unknown readable memory: 0x0000000000000058 | 58 00 00 00 00 00 00 00
RBX=0x00007f44a0371398: <offset 0x0000000000ef5398> in /nix/store/gpxl5qgg8kicmcvivwmybwjlpf7wh20l-graalvm17-ce-22.3.0/lib/server/libjvm.so at 0x00007f449f47c000
RCX=0x00007f44a03291e8: <offset 0x0000000000ead1e8> in /nix/store/gpxl5qgg8kicmcvivwmybwjlpf7wh20l-graalvm17-ce-22.3.0/lib/server/libjvm.so at 0x00007f449f47c000
RDX=0x0000000000000649 is an unknown value
RSP=0x00007f449c316380 is pointing into the stack for thread: 0x00007f44980b21e0
RBP=0x00007f449c3163a0 is pointing into the stack for thread: 0x00007f44980b21e0
RSI=0x00007f44a0371c48: <offset 0x0000000000ef5c48> in /nix/store/gpxl5qgg8kicmcvivwmybwjlpf7wh20l-graalvm17-ce-22.3.0/lib/server/libjvm.so at 0x00007f449f47c000
RDI=0x00000000e0000000 is an oop: java.lang.String 
{0x00000000e0000000} - klass: 'java/lang/String'
 - string: "resolution"
R8 =0x00007f44a0371398: <offset 0x0000000000ef5398> in /nix/store/gpxl5qgg8kicmcvivwmybwjlpf7wh20l-graalvm17-ce-22.3.0/lib/server/libjvm.so at 0x00007f449f47c000
R9 =0x00007f449c316330 is pointing into the stack for thread: 0x00007f44980b21e0
R10=0x00007f449c317948 is pointing into the stack for thread: 0x00007f44980b21e0
R11=0x0000000000000293 is an unknown value
R12=0x0 is NULL
R13=0x00007f44980b21e0 is a thread
R14=0x00007f4498000b80 points into unknown readable memory: 0x00007f44a05a2a38 | 38 2a 5a a0 44 7f 00 00
R15=0x00007f44a06b0e40: <offset 0x0000000001234e40> in /nix/store/gpxl5qgg8kicmcvivwmybwjlpf7wh20l-graalvm17-ce-22.3.0/lib/server/libjvm.so at 0x00007f449f47c000


Registers:
RAX=0x00007f449f276000, RBX=0x00007f44a0371398, RCX=0x00007f44a03291e8, RDX=0x0000000000000649
RSP=0x00007f449c316380, RBP=0x00007f449c3163a0, RSI=0x00007f44a0371c48, RDI=0x00000000e0000000
R8 =0x00007f44a0371398, R9 =0x00007f449c316330, R10=0x00007f449c317948, R11=0x0000000000000293
R12=0x0000000000000000, R13=0x00007f44980b21e0, R14=0x00007f4498000b80, R15=0x00007f44a06b0e40
RIP=0x00007f449fdee714, EFLAGS=0x0000000000010206, CSGSFS=0x002b000000000033, ERR=0x0000000000000006
  TRAPNO=0x000000000000000e

Top of Stack: (sp=0x00007f449c316380)
0x00007f449c316380:   00007f449c316940 00007f44980b21e0
0x00007f449c316390:   00007f449dc078c8 0000000800c409d8
0x00007f449c3163a0:   00007f449c316500 00007f449fdba2fe
0x00007f449c3163b0:   00007f449c3163e0 00007f449c316440 

Instructions: (pc=0x00007f449fdee714)
0x00007f449fdee614:   30 e8 f6 cf e8 ff 4c 89 e7 e8 2e 48 d1 ff 84 db
0x00007f449fdee624:   75 2a 4d 85 ed 74 04 4d 8b 6d 00 48 83 c4 08 44
0x00007f449fdee634:   89 f9 4c 89 f2 4c 89 ee 5b 4c 89 e7 41 5c 41 5d
0x00007f449fdee644:   41 5e 41 5f 5d e9 e2 47 d1 ff 66 90 48 83 c4 08
0x00007f449fdee654:   5b 41 5c 41 5d 41 5e 41 5f 5d c3 90 31 d2 be 08
0x00007f449fdee664:   00 00 00 4c 89 ff e8 b1 78 a3 ff 49 89 c5 e9 37
0x00007f449fdee674:   ff ff ff 66 0f 1f 84 00 00 00 00 00 48 8b 7a 08
0x00007f449fdee684:   e9 6d ff ff ff 0f 1f 80 00 00 00 00 e8 5b 48 0a
0x00007f449fdee694:   00 84 c0 75 89 e9 6a ff ff ff 66 90 55 48 89 e5
0x00007f449fdee6a4:   41 56 41 55 41 54 49 89 fc 53 48 89 f3 66 48 8d
0x00007f449fdee6b4:   3d 27 5e 85 00 66 66 48 e8 df 43 8d ff 4c 8b 28
0x00007f449fdee6c4:   8b 05 be 72 8a 00 85 c0 75 14 ba 01 00 00 00 48
0x00007f449fdee6d4:   8d 0d ae 72 8a 00 f0 0f b1 11 85 c0 74 4e be c8
0x00007f449fdee6e4:   00 00 00 4c 89 ef e8 01 0b 41 00 48 8d 05 12 ac
0x00007f449fdee6f4:   85 00 49 89 d8 48 8d 0d e8 aa 53 00 ba 49 06 00
0x00007f449fdee704:   00 48 8d 35 3c 35 58 00 bf 00 00 00 e0 48 8b 00
0x00007f449fdee714:   c6 00 58 31 c0 e8 e2 91 c6 ff 5b 41 5c 41 5d 41
0x00007f449fdee724:   5e 5d e9 55 34 26 00 0f 1f 44 00 00 48 8d 05 81
0x00007f449fdee734:   a3 8b 00 48 89 df 4c 8b 30 e8 9e 43 8d ff 48 89
0x00007f449fdee744:   de 48 89 c2 49 8b 06 4c 89 f7 ff 50 08 4c 89 f7
0x00007f449fdee754:   e8 a7 5c 27 00 4d 85 e4 74 12 be 01 00 00 00 4c
0x00007f449fdee764:   89 e7 e8 35 43 fc ff eb 82 0f 1f 00 be 01 00 00
0x00007f449fdee774:   00 4c 89 ef e8 d3 fd ff ff e9 6d ff ff ff 66 66
0x00007f449fdee784:   2e 0f 1f 84 00 00 00 00 00 0f 1f 00 55 48 89 e5
0x00007f449fdee794:   41 57 41 56 41 55 41 54 53 48 81 ec 08 02 00 00
0x00007f449fdee7a4:   64 48 8b 04 25 28 00 00 00 48 89 45 c8 8b 07 83
0x00007f449fdee7b4:   f8 02 0f 84 11 04 00 00 4c 8b 6f 18 49 89 ff 49
0x00007f449fdee7c4:   89 f4 4d 85 ed 74 14 4c 89 ef e8 5d 57 22 00 41
0x00007f449fdee7d4:   8b 07 83 f8 02 0f 84 19 04 00 00 48 8d 1d 9a 06
0x00007f449fdee7e4:   8a 00 4c 8d 35 0b 3c 58 00 eb 38 90 48 85 d2 7f
0x00007f449fdee7f4:   0d 48 8d 05 b4 c0 85 00 48 83 38 00 7e 0e 41 8b
0x00007f449fdee804:   77 2c 4c 89 f7 31 c0 e8 a0 b2 f7 ff 49 8b 7f 18 


Stack slot to memory mapping:
stack at sp + 0 slots: 0x00007f449c316940 is pointing into the stack for thread: 0x00007f44980b21e0
stack at sp + 1 slots: 0x00007f44980b21e0 is a thread
stack at sp + 2 slots: 0x00007f449dc078c8 points into unknown readable memory: 0x65730018e552ffff | ff ff 52 e5 18 00 73 65
stack at sp + 3 slots: 0x0000000800c409d8 is a pointer to class: 
jdk.vm.ci.services.Services {0x0000000800c409d8}
 - instance size:     2
 - klass size:        65
 - access:            public final synchronized 
 - state:             fully_initialized
 - name:              'jdk/vm/ci/services/Services'
 - super:             'java/lang/Object'
 - sub:               
 - arrays:            NULL
 - methods:           Array<T>(0x00007f449cc3bba8)
 - method ordering:   Array<T>(0x0000000800928960)
 - default_methods:   Array<T>(0x0000000000000000)
 - local interfaces:  Array<T>(0x00000008005ce810)
 - trans. interfaces: Array<T>(0x00000008005ce810)
 - constants:         constant pool [427] {0x00007f449cc3ac88} for 'jdk/vm/ci/services/Services' cache=0x00007f449cc3ce78
 - class loader data:  loader data: 0x00007f44980283f0 of 'bootstrap'
 - source file:       'Services.java'
 - class annotations:       Array<T>(0x0000000000000000)
 - class type annotations:  Array<T>(0x0000000000000000)
 - field annotations:       Array<T>(0x0000000000000000)
 - field type annotations:  Array<T>(0x0000000000000000)
 - inner classes:     Array<T>(0x00007f449cc3ce48)
 - nest members:     Array<T>(0x00007f449cc3ce68)
 - permitted subclasses:     Array<T>(0x00000008005ce7a0)
 - java mirror:       a 'java/lang/Class'{0x00000000e014a468} = 'jdk/vm/ci/services/Services'
 - vtable length      5  (start addr: 0x0000000800c40ba8)
 - itable length      2 (start addr: 0x0000000800c40bd0)
 - ---- static fields (3 words):
 - public static final 'IS_BUILDING_NATIVE_IMAGE' 'Z' @128 
 - public static final 'IS_IN_NATIVE_IMAGE' 'Z' @129 
 - private static volatile 'savedProperties' 'Ljava/util/Map;' @112 
 - static final 'JVMCI_ENABLED' 'Z' @130 
 - private static final 'servicesCache' 'Ljava/util/Map;' @116 
 - private static final 'MAX_UNICODE_IN_UTF8_LENGTH' 'I' @120 
 - private static final 'MAX_UTF8_PROPERTY_STRING_LENGTH' 'I' @124 
 - ---- non-static fields (0 words):
 - non-static oop maps: 
stack at sp + 4 slots: 0x00007f449c316500 is pointing into the stack for thread: 0x00007f44980b21e0
stack at sp + 5 slots: 0x00007f449fdba2fe: <offset 0x000000000093e2fe> in /nix/store/gpxl5qgg8kicmcvivwmybwjlpf7wh20l-graalvm17-ce-22.3.0/lib/server/libjvm.so at 0x00007f449f47c000
stack at sp + 6 slots: 0x00007f449c3163e0 is pointing into the stack for thread: 0x00007f44980b21e0
stack at sp + 7 slots: 0x00007f449c316440 is pointing into the stack for thread: 0x00007f44980b21e0


---------------  P R O C E S S  ---------------

Threads class SMR info:
_java_thread_list=0x00007f43e8000b70, length=26, elements={
0x00007f4498026690, 0x00007f44980a64d0, 0x00007f44980a7910, 0x00007f44980ae050,
0x00007f44980af400, 0x00007f44980b07f0, 0x00007f44980b21e0, 0x00007f44980b36f0,
0x00007f44980b4b40, 0x00007f44980efe90, 0x00007f4498138760, 0x00007f449833b530,
0x00007f449836ef60, 0x00007f4498371010, 0x00007f4498635130, 0x00007f4430016ed0,
0x00007f44302a0c10, 0x00007f44303044a0, 0x00007f4430484590, 0x00007f44305eee10,
0x00007f449849dfc0, 0x00007f44984dc4a0, 0x00007f4404000ff0, 0x00007f44080fecf0,
0x00007f44284f9f70, 0x00007f4428001580
}

Java Threads: ( => current thread )
  0x00007f4498026690 JavaThread "main" [_thread_blocked, id=37, stack(0x00007f449f297000,0x00007f449f397000)]
  0x00007f44980a64d0 JavaThread "Reference Handler" daemon [_thread_blocked, id=40, stack(0x00007f449c9fe000,0x00007f449cafe000)]
  0x00007f44980a7910 JavaThread "Finalizer" daemon [_thread_blocked, id=41, stack(0x00007f449c8fe000,0x00007f449c9fe000)]
  0x00007f44980ae050 JavaThread "Signal Dispatcher" daemon [_thread_blocked, id=42, stack(0x00007f449c518000,0x00007f449c618000)]
  0x00007f44980af400 JavaThread "Service Thread" daemon [_thread_blocked, id=43, stack(0x00007f449c418000,0x00007f449c518000)]
  0x00007f44980b07f0 JavaThread "Monitor Deflation Thread" daemon [_thread_blocked, id=44, stack(0x00007f449c318000,0x00007f449c418000)]
=>0x00007f44980b21e0 JavaThread "JVMCI-native CompilerThread0" daemon [_thread_in_vm, id=45, stack(0x00007f449c118000,0x00007f449c318000)]
  0x00007f44980b36f0 JavaThread "C1 CompilerThread0" daemon [_thread_blocked, id=46, stack(0x00007f447f2b3000,0x00007f447f4b3000)]
  0x00007f44980b4b40 JavaThread "Sweeper thread" daemon [_thread_blocked, id=47, stack(0x00007f449c018000,0x00007f449c118000)]
  0x00007f44980efe90 JavaThread "Common-Cleaner" daemon [_thread_blocked, id=48, stack(0x00007f447f1b3000,0x00007f447f2b3000)]
  0x00007f4498138760 JavaThread "Notification Thread" daemon [_thread_blocked, id=49, stack(0x00007f447f0b3000,0x00007f447f1b3000)]
  0x00007f449833b530 JavaThread "Active Thread: Equinox Container: 33fa82d9-faae-4197-9893-fa4f8f9156b4" [_thread_blocked, id=63, stack(0x00007f447cb00000,0x00007f447cc00000)]
  0x00007f449836ef60 JavaThread "Framework Event Dispatcher: Equinox Container: 33fa82d9-faae-4197-9893-fa4f8f9156b4" daemon [_thread_blocked, id=64, stack(0x00007f447c900000,0x00007f447ca00000)]
  0x00007f4498371010 JavaThread "Start Level: Equinox Container: 33fa82d9-faae-4197-9893-fa4f8f9156b4" daemon [_thread_blocked, id=65, stack(0x00007f447c700000,0x00007f447c800000)]
  0x00007f4498635130 JavaThread "Refresh Thread: Equinox Container: 33fa82d9-faae-4197-9893-fa4f8f9156b4" daemon [_thread_blocked, id=66, stack(0x00007f447c500000,0x00007f447c600000)]
  0x00007f4430016ed0 JavaThread "SCR Component Actor" daemon [_thread_blocked, id=76, stack(0x00007f447c300000,0x00007f447c400000)]
  0x00007f44302a0c10 JavaThread "Worker-JM" [_thread_blocked, id=86, stack(0x00007f4446d00000,0x00007f4446e00000)]
  0x00007f44303044a0 JavaThread "Worker-0: Java indexing... " [_thread_blocked, id=87, stack(0x00007f4446b00000,0x00007f4446c00000)]
  0x00007f4430484590 JavaThread "Java indexing" daemon [_thread_blocked, id=89, stack(0x00007f4446700000,0x00007f4446800000)]
  0x00007f44305eee10 JavaThread "Bundle File Closer" daemon [_thread_blocked, id=90, stack(0x00007f4446500000,0x00007f4446600000)]
  0x00007f449849dfc0 JavaThread "pool-3-thread-1" [_thread_blocked, id=99, stack(0x00007f4446300000,0x00007f4446400000)]
  0x00007f44984dc4a0 JavaThread "pool-2-thread-1" [_thread_blocked, id=101, stack(0x00007f4445f00000,0x00007f4446000000)]
  0x00007f4404000ff0 JavaThread "Worker-3: Compacting resource model" [_thread_blocked, id=102, stack(0x00007f447c100000,0x00007f447c200000)]
  0x00007f44080fecf0 JavaThread "Thread-22" [_thread_blocked, id=333, stack(0x00007f4445900000,0x00007f4445a00000)]
  0x00007f44284f9f70 JavaThread "Worker-9: Publish Diagnostics" [_thread_blocked, id=731, stack(0x00007f4446600000,0x00007f4446700000)]
  0x00007f4428001580 JavaThread "Worker-10" [_thread_blocked, id=976, stack(0x00007f4446100000,0x00007f4446200000)]

Other Threads:
  0x00007f44980a1c10 VMThread "VM Thread" [stack: 0x00007f449cb00000,0x00007f449cc00000] [id=39] _threads_hazard_ptr=0x00007f43e8000b70
  0x00007f449813a100 WatcherThread [stack: 0x00007f447efb3000,0x00007f447f0b3000] [id=50]
  0x00007f449803df30 GCTaskThread "GC Thread#0" [stack: 0x00007f449ee5a000,0x00007f449ef5a000] [id=38]

Threads with active compile tasks:
JVMCI-native CompilerThread0  1017991 10497       4       java.lang.Thread::interrupted (23 bytes)

VM state: synchronizing (normal execution)

VM Mutex/Monitor currently owned by a thread:  ([mutex/lock_event])
[0x00007f4498023840] Threads_lock - owner thread: 0x00007f44980a1c10
[0x00007f4498023ff0] Heap_lock - owner thread: 0x00007f44284f9f70

OutOfMemory and StackOverflow Exception counts:
OutOfMemoryError java_heap_errors=3
LinkageErrors=80

Heap address: 0x00000000e0000000, size: 512 MB, Compressed Oops mode: 32-bit

CDS archive(s) mapped at: [0x0000000800000000-0x0000000800bc8000-0x0000000800bc8000), size 12353536, SharedBaseAddress: 0x0000000800000000, ArchiveRelocationMode: 0.
Compressed class space mapped at: 0x0000000800c00000-0x0000000840c00000, reserved size: 1073741824
Narrow klass base: 0x0000000800000000, Narrow klass shift: 0, Narrow klass range: 0x100000000

GC Precious Log:
 CPUs: 8 total, 1 available
 Memory: 1024M
 Large Page Support: Disabled
 NUMA Support: Disabled
 Compressed Oops: Enabled (32-bit)
 Alignments: Space 512K, Generation 512K, Heap 2M
 Heap Min Capacity: 100M
 Heap Initial Capacity: 100M
 Heap Max Capacity: 512M
 Pre-touch: Disabled
 Parallel Workers: 1

Heap:
 PSYoungGen      total 40960K, used 29696K [0x00000000f5580000, 0x00000000f8b80000, 0x0000000100000000)
  eden space 29696K, 100% used [0x00000000f5580000,0x00000000f7280000,0x00000000f7280000)
  from space 11264K, 0% used [0x00000000f7280000,0x00000000f7280000,0x00000000f7d80000)
  to   space 11264K, 0% used [0x00000000f7e00000,0x00000000f7e00000,0x00000000f8900000)
 ParOldGen       total 349696K, used 349695K [0x00000000e0000000, 0x00000000f5580000, 0x00000000f5580000)
  object space 349696K, 99% used [0x00000000e0000000,0x00000000f557fff8,0x00000000f5580000)
 Metaspace       used 63889K, committed 64960K, reserved 1114112K
  class space    used 6317K, committed 6784K, reserved 1048576K

Card table byte_map: [0x00007f449ef5a000,0x00007f449f05b000] _byte_map_base: 0x00007f449e85a000

Marking Bits: (ParMarkBitMap*) 0x00007f44a06aa4c0
 Begin Bits: [0x00007f449ddad000, 0x00007f449e5ad000)
 End Bits:   [0x00007f449e5ad000, 0x00007f449edad000)

Polling page: 0x00007f449f274000

Metaspace:

Usage:
  Non-class:     56.22 MB used.
      Class:      6.17 MB used.
       Both:     62.39 MB used.

Virtual space:
  Non-class space:       64.00 MB reserved,      56.81 MB ( 89%) committed,  8 nodes.
      Class space:        1.00 GB reserved,       6.62 MB ( <1%) committed,  1 nodes.
             Both:        1.06 GB reserved,      63.44 MB (  6%) committed. 

Chunk freelists:
   Non-Class:  2.99 MB
       Class:  1.44 MB
        Both:  4.43 MB

MaxMetaspaceSize: unlimited
CompressedClassSpaceSize: 1.00 GB
Initial GC threshold: 21.00 MB
Current GC threshold: 105.75 MB
CDS: on
MetaspaceReclaimPolicy: balanced
 - commit_granule_bytes: 65536.
 - commit_granule_words: 8192.
 - virtual_space_node_default_size: 1048576.
 - enlarge_chunks_in_place: 1.
 - new_chunks_are_fully_committed: 0.
 - uncommit_free_chunks: 1.
 - use_allocation_guard: 0.
 - handle_deallocations: 1.


Internal statistics:

num_allocs_failed_limit: 6.
num_arena_births: 528.
num_arena_deaths: 162.
num_vsnodes_births: 9.
num_vsnodes_deaths: 0.
num_space_committed: 1014.
num_space_uncommitted: 0.
num_chunks_returned_to_freelist: 225.
num_chunks_taken_from_freelist: 3109.
num_chunk_merges: 85.
num_chunk_splits: 1983.
num_chunks_enlarged: 1245.
num_purges: 8.
num_inconsistent_stats: 0.

CodeHeap 'non-profiled nmethods': size=120036Kb used=2927Kb max_used=2927Kb free=117108Kb
 bounds [0x00007f4486f7a000, 0x00007f448725a000, 0x00007f448e4b3000]
CodeHeap 'profiled nmethods': size=120032Kb used=18449Kb max_used=18449Kb free=101582Kb
 bounds [0x00007f447fa42000, 0x00007f4480c52000, 0x00007f4486f7a000]
CodeHeap 'non-nmethods': size=5692Kb used=1399Kb max_used=1411Kb free=4292Kb
 bounds [0x00007f447f4b3000, 0x00007f447f723000, 0x00007f447fa42000]
 total_blobs=8966 nmethods=8228 adapters=634
 compilation: enabled
              stopped_count=0, restarted_count=0
 full_count=0

JVMCI Events (20 events):
Event: 801.798 Thread 0x00007f44980b21e0 attached to JVMCI runtime 0
Event: 801.799 Thread 0x00007f44980b21e0 created JavaVM[6]@0x00007f444539e340 for JVMCI runtime 0
Event: 803.093 Thread 0x00007f44980b21e0 initializing JVMCI runtime 0
Event: 803.093 Thread 0x00007f44980b21e0 done waiting for JavaVM references initialization in JVMCI runtime 0
Event: 813.190 Thread 0x00007f44980b21e0 initialized JVMCI runtime 0
Event: 891.188 Thread 0x00007f44980b21e0 compacted oop handles in JVMCI runtime 0 from 99 to 54
Event: 891.188 Thread 0x00007f44980b21e0 compacted oop handles in JVMCI runtime 0 from 55 to 46
Event: 898.403 Thread 0x00007f44980b21e0 compacted oop handles in JVMCI runtime 0 from 78 to 75
Event: 898.403 Thread 0x00007f44980b21e0 compacted oop handles in JVMCI runtime 0 from 76 to 63
Event: 899.983 Thread 0x00007f44980b21e0 detaching from JVMCI runtime 0: releasing idle compiler thread (0 other threads still attached)
Event: 899.983 Thread 0x00007f44980b21e0 shutting down HotSpotJVMCIRuntime for JVMCI runtime 0
Event: 899.983 Thread 0x00007f44980b21e0 shut down JVMCI runtime 0
Event: 901.656 Thread 0x00007f44980b21e0 destroyed JavaVM[6]@0x00007f444539e340 for JVMCI runtime 0
Event: 901.656 Thread 0x00007f44980b21e0 compacted oop handles in JVMCI runtime 0 from 63 to 63
Event: 901.656 Thread 0x00007f44980b21e0 releasing handles for JVMCI runtime 0: oop handles=63, metadata handles={total=160, live=150, blocks=35}
Event: 901.656 Thread 0x00007f44980b21e0 detached from JVMCI runtime 0
Event: 997.266 Thread 0x00007f44980b21e0 attached to JVMCI runtime 0
Event: 997.267 Thread 0x00007f44980b21e0 created JavaVM[7]@0x00007f444539e340 for JVMCI runtime 0
Event: 999.675 Thread 0x00007f44980b21e0 initializing JVMCI runtime 0
Event: 999.675 Thread 0x00007f44980b21e0 done waiting for JavaVM references initialization in JVMCI runtime 0

Compilation events (20 events):
Event: 824.998 Thread 0x00007f44980b36f0 10488       3       java.util.concurrent.ScheduledThreadPoolExecutor::canRunInCurrentRunState (61 bytes)
Event: 824.998 Thread 0x00007f44980b36f0 nmethod 10488 0x00007f4480c44110 code [0x00007f4480c44320, 0x00007f4480c44dc0]
Event: 844.887 Thread 0x00007f44980b36f0 10489       3       java.util.LinkedList::node (65 bytes)
Event: 844.887 Thread 0x00007f44980b36f0 nmethod 10489 0x00007f4480c45010 code [0x00007f4480c451c0, 0x00007f4480c45490]
Event: 891.188 Thread 0x00007f44980b21e0 nmethod 10486% 0x00007f4487250290 code [0x00007f4487250720, 0x00007f4487253338]
Event: 891.188 Thread 0x00007f44980b21e0 10490       4       org.eclipse.jdt.internal.compiler.lookup.LookupEnvironment::getCachedType (122 bytes)
Event: 892.394 Thread 0x00007f44980b36f0 10492       3       org.eclipse.jdt.internal.compiler.ast.SingleTypeReference::getTypeName (12 bytes)
Event: 895.265 Thread 0x00007f44980b36f0 nmethod 10492 0x00007f4480c45610 code [0x00007f4480c457c0, 0x00007f4480c45c10]
Event: 898.403 Thread 0x00007f44980b21e0 nmethod 10490 0x00007f4487255510 code [0x00007f44872556a0, 0x00007f4487255750]
Event: 898.403 Thread 0x00007f44980b21e0 10491       4       org.eclipse.jdt.core.dom.AST::modifying (19 bytes)
Event: 898.404 Thread 0x00007f44980b21e0 nmethod 10491 0x00007f4487255910 code [0x00007f4487255a80, 0x00007f4487255ad8]
Event: 944.172 Thread 0x00007f44980b36f0 10493       3       org.eclipse.jdt.core.dom.AnnotatableType::<init> (36 bytes)
Event: 945.370 Thread 0x00007f44980b36f0 nmethod 10493 0x00007f4480c45d10 code [0x00007f4480c45f20, 0x00007f4480c46700]
Event: 945.370 Thread 0x00007f44980b36f0 10494       3       org.eclipse.jdt.core.dom.AnnotatableType::getAnnotationsProperty (5 bytes)
Event: 945.370 Thread 0x00007f44980b36f0 nmethod 10494 0x00007f4480c46990 code [0x00007f4480c46b40, 0x00007f4480c46e60]
Event: 956.189 Thread 0x00007f44980b36f0 10495       1       org.eclipse.jdt.core.dom.SimpleType::getNodeType0 (3 bytes)
Event: 956.190 Thread 0x00007f44980b36f0 nmethod 10495 0x00007f4487255c10 code [0x00007f4487255da0, 0x00007f4487255e70]
Event: 958.908 Thread 0x00007f44980b36f0 10496       3       org.eclipse.jdt.core.dom.ASTNode$NodeList::add (127 bytes)
Event: 958.909 Thread 0x00007f44980b36f0 nmethod 10496 0x00007f4480c46f10 code [0x00007f4480c47160, 0x00007f4480c47ab0]
Event: 997.266 Thread 0x00007f44980b21e0 10497       4       java.lang.Thread::interrupted (23 bytes)

GC Heap History (20 events):
Event: 999.675 GC heap before
{Heap before GC invocations=751 (full 624):
 PSYoungGen      total 40960K, used 29695K [0x00000000f5580000, 0x00000000f8b80000, 0x0000000100000000)
  eden space 29696K, 99% used [0x00000000f5580000,0x00000000f727fff8,0x00000000f7280000)
  from space 11264K, 0% used [0x00000000f7280000,0x00000000f7280000,0x00000000f7d80000)
  to   space 11264K, 0% used [0x00000000f7e00000,0x00000000f7e00000,0x00000000f8900000)
 ParOldGen       total 349696K, used 349693K [0x00000000e0000000, 0x00000000f5580000, 0x00000000f5580000)
  object space 349696K, 99% used [0x00000000e0000000,0x00000000f557f708,0x00000000f5580000)
 Metaspace       used 63889K, committed 64960K, reserved 1114112K
  class space    used 6317K, committed 6784K, reserved 1048576K
}
Event: 1001.067 GC heap after
{Heap after GC invocations=751 (full 624):
 PSYoungGen      total 40960K, used 29695K [0x00000000f5580000, 0x00000000f8b80000, 0x0000000100000000)
  eden space 29696K, 99% used [0x00000000f5580000,0x00000000f727fff8,0x00000000f7280000)
  from space 11264K, 0% used [0x00000000f7e00000,0x00000000f7e00000,0x00000000f8900000)
  to   space 11264K, 0% used [0x00000000f7280000,0x00000000f7280000,0x00000000f7d80000)
 ParOldGen       total 349696K, used 349691K [0x00000000e0000000, 0x00000000f5580000, 0x00000000f5580000)
  object space 349696K, 99% used [0x00000000e0000000,0x00000000f557eed8,0x00000000f5580000)
 Metaspace       used 63889K, committed 64960K, reserved 1114112K
  class space    used 6317K, committed 6784K, reserved 1048576K
}
Event: 1001.072 GC heap before
{Heap before GC invocations=752 (full 625):
 PSYoungGen      total 40960K, used 29695K [0x00000000f5580000, 0x00000000f8b80000, 0x0000000100000000)
  eden space 29696K, 99% used [0x00000000f5580000,0x00000000f727fff8,0x00000000f7280000)
  from space 11264K, 0% used [0x00000000f7e00000,0x00000000f7e00000,0x00000000f8900000)
  to   space 11264K, 0% used [0x00000000f7280000,0x00000000f7280000,0x00000000f7d80000)
 ParOldGen       total 349696K, used 349695K [0x00000000e0000000, 0x00000000f5580000, 0x00000000f5580000)
  object space 349696K, 99% used [0x00000000e0000000,0x00000000f557ffa0,0x00000000f5580000)
 Metaspace       used 63889K, committed 64960K, reserved 1114112K
  class space    used 6317K, committed 6784K, reserved 1048576K
}
Event: 1002.493 GC heap after
{Heap after GC invocations=752 (full 625):
 PSYoungGen      total 40960K, used 29695K [0x00000000f5580000, 0x00000000f8b80000, 0x0000000100000000)
  eden space 29696K, 99% used [0x00000000f5580000,0x00000000f727ffc0,0x00000000f7280000)
  from space 11264K, 0% used [0x00000000f7280000,0x00000000f7280000,0x00000000f7d80000)
  to   space 11264K, 0% used [0x00000000f7e00000,0x00000000f7e00000,0x00000000f8900000)
 ParOldGen       total 349696K, used 349693K [0x00000000e0000000, 0x00000000f5580000, 0x00000000f5580000)
  object space 349696K, 99% used [0x00000000e0000000,0x00000000f557f558,0x00000000f5580000)
 Metaspace       used 63889K, committed 64960K, reserved 1114112K
  class space    used 6317K, committed 6784K, reserved 1048576K
}
Event: 1002.497 GC heap before
{Heap before GC invocations=753 (full 626):
 PSYoungGen      total 40960K, used 29695K [0x00000000f5580000, 0x00000000f8b80000, 0x0000000100000000)
  eden space 29696K, 99% used [0x00000000f5580000,0x00000000f727fff0,0x00000000f7280000)
  from space 11264K, 0% used [0x00000000f7280000,0x00000000f7280000,0x00000000f7d80000)
  to   space 11264K, 0% used [0x00000000f7e00000,0x00000000f7e00000,0x00000000f8900000)
 ParOldGen       total 349696K, used 349693K [0x00000000e0000000, 0x00000000f5580000, 0x00000000f5580000)
  object space 349696K, 99% used [0x00000000e0000000,0x00000000f557f558,0x00000000f5580000)
 Metaspace       used 63889K, committed 64960K, reserved 1114112K
  class space    used 6317K, committed 6784K, reserved 1048576K
}
Event: 1004.209 GC heap after
{Heap after GC invocations=753 (full 626):
 PSYoungGen      total 40960K, used 29695K [0x00000000f5580000, 0x00000000f8b80000, 0x0000000100000000)
  eden space 29696K, 99% used [0x00000000f5580000,0x00000000f727fff0,0x00000000f7280000)
  from space 11264K, 0% used [0x00000000f7e00000,0x00000000f7e00000,0x00000000f8900000)
  to   space 11264K, 0% used [0x00000000f7280000,0x00000000f7280000,0x00000000f7d80000)
 ParOldGen       total 349696K, used 349693K [0x00000000e0000000, 0x00000000f5580000, 0x00000000f5580000)
  object space 349696K, 99% used [0x00000000e0000000,0x00000000f557f538,0x00000000f5580000)
 Metaspace       used 63889K, committed 64960K, reserved 1114112K
  class space    used 6317K, committed 6784K, reserved 1048576K
}
Event: 1004.210 GC heap before
{Heap before GC invocations=754 (full 627):
 PSYoungGen      total 40960K, used 29696K [0x00000000f5580000, 0x00000000f8b80000, 0x0000000100000000)
  eden space 29696K, 100% used [0x00000000f5580000,0x00000000f7280000,0x00000000f7280000)
  from space 11264K, 0% used [0x00000000f7e00000,0x00000000f7e00000,0x00000000f8900000)
  to   space 11264K, 0% used [0x00000000f7280000,0x00000000f7280000,0x00000000f7d80000)
 ParOldGen       total 349696K, used 349693K [0x00000000e0000000, 0x00000000f5580000, 0x00000000f5580000)
  object space 349696K, 99% used [0x00000000e0000000,0x00000000f557f628,0x00000000f5580000)
 Metaspace       used 63889K, committed 64960K, reserved 1114112K
  class space    used 6317K, committed 6784K, reserved 1048576K
}
Event: 1005.779 GC heap after
{Heap after GC invocations=754 (full 627):
 PSYoungGen      total 40960K, used 29695K [0x00000000f5580000, 0x00000000f8b80000, 0x0000000100000000)
  eden space 29696K, 99% used [0x00000000f5580000,0x00000000f727ffd0,0x00000000f7280000)
  from space 11264K, 0% used [0x00000000f7280000,0x00000000f7280000,0x00000000f7d80000)
  to   space 11264K, 0% used [0x00000000f7e00000,0x00000000f7e00000,0x00000000f8900000)
 ParOldGen       total 349696K, used 349693K [0x00000000e0000000, 0x00000000f5580000, 0x00000000f5580000)
  object space 349696K, 99% used [0x00000000e0000000,0x00000000f557f628,0x00000000f5580000)
 Metaspace       used 63889K, committed 64960K, reserved 1114112K
  class space    used 6317K, committed 6784K, reserved 1048576K
}
Event: 1005.779 GC heap before
{Heap before GC invocations=755 (full 628):
 PSYoungGen      total 40960K, used 29695K [0x00000000f5580000, 0x00000000f8b80000, 0x0000000100000000)
  eden space 29696K, 99% used [0x00000000f5580000,0x00000000f727ffd0,0x00000000f7280000)
  from space 11264K, 0% used [0x00000000f7280000,0x00000000f7280000,0x00000000f7d80000)
  to   space 11264K, 0% used [0x00000000f7e00000,0x00000000f7e00000,0x00000000f8900000)
 ParOldGen       total 349696K, used 349693K [0x00000000e0000000, 0x00000000f5580000, 0x00000000f5580000)
  object space 349696K, 99% used [0x00000000e0000000,0x00000000f557f628,0x00000000f5580000)
 Metaspace       used 63889K, committed 64960K, reserved 1114112K
  class space    used 6317K, committed 6784K, reserved 1048576K
}
Event: 1007.272 GC heap after
{Heap after GC invocations=755 (full 628):
 PSYoungGen      total 40960K, used 29695K [0x00000000f5580000, 0x00000000f8b80000, 0x0000000100000000)
  eden space 29696K, 99% used [0x00000000f5580000,0x00000000f727ffd0,0x00000000f7280000)
  from space 11264K, 0% used [0x00000000f7e00000,0x00000000f7e00000,0x00000000f8900000)
  to   space 11264K, 0% used [0x00000000f7280000,0x00000000f7280000,0x00000000f7d80000)
 ParOldGen       total 349696K, used 349693K [0x00000000e0000000, 0x00000000f5580000, 0x00000000f5580000)
  object space 349696K, 99% used [0x00000000e0000000,0x00000000f557f628,0x00000000f5580000)
 Metaspace       used 63889K, committed 64960K, reserved 1114112K
  class space    used 6317K, committed 6784K, reserved 1048576K
}
Event: 1007.272 GC heap before
{Heap before GC invocations=756 (full 629):
 PSYoungGen      total 40960K, used 29696K [0x00000000f5580000, 0x00000000f8b80000, 0x0000000100000000)
  eden space 29696K, 100% used [0x00000000f5580000,0x00000000f7280000,0x00000000f7280000)
  from space 11264K, 0% used [0x00000000f7e00000,0x00000000f7e00000,0x00000000f8900000)
  to   space 11264K, 0% used [0x00000000f7280000,0x00000000f7280000,0x00000000f7d80000)
 ParOldGen       total 349696K, used 349695K [0x00000000e0000000, 0x00000000f5580000, 0x00000000f5580000)
  object space 349696K, 99% used [0x00000000e0000000,0x00000000f557fcd0,0x00000000f5580000)
 Metaspace       used 63889K, committed 64960K, reserved 1114112K
  class space    used 6317K, committed 6784K, reserved 1048576K
}
Event: 1008.782 GC heap after
{Heap after GC invocations=756 (full 629):
 PSYoungGen      total 40960K, used 29695K [0x00000000f5580000, 0x00000000f8b80000, 0x0000000100000000)
  eden space 29696K, 99% used [0x00000000f5580000,0x00000000f727fff0,0x00000000f7280000)
  from space 11264K, 0% used [0x00000000f7280000,0x00000000f7280000,0x00000000f7d80000)
  to   space 11264K, 0% used [0x00000000f7e00000,0x00000000f7e00000,0x00000000f8900000)
 ParOldGen       total 349696K, used 349693K [0x00000000e0000000, 0x00000000f5580000, 0x00000000f5580000)
  object space 349696K, 99% used [0x00000000e0000000,0x00000000f557f6c0,0x00000000f5580000)
 Metaspace       used 63889K, committed 64960K, reserved 1114112K
  class space    used 6317K, committed 6784K, reserved 1048576K
}
Event: 1008.783 GC heap before
{Heap before GC invocations=757 (full 630):
 PSYoungGen      total 40960K, used 29696K [0x00000000f5580000, 0x00000000f8b80000, 0x0000000100000000)
  eden space 29696K, 100% used [0x00000000f5580000,0x00000000f7280000,0x00000000f7280000)
  from space 11264K, 0% used [0x00000000f7280000,0x00000000f7280000,0x00000000f7d80000)
  to   space 11264K, 0% used [0x00000000f7e00000,0x00000000f7e00000,0x00000000f8900000)
 ParOldGen       total 349696K, used 349695K [0x00000000e0000000, 0x00000000f5580000, 0x00000000f5580000)
  object space 349696K, 99% used [0x00000000e0000000,0x00000000f557ff78,0x00000000f5580000)
 Metaspace       used 63889K, committed 64960K, reserved 1114112K
  class space    used 6317K, committed 6784K, reserved 1048576K
}
Event: 1010.067 GC heap after
{Heap after GC invocations=757 (full 630):
 PSYoungGen      total 40960K, used 29695K [0x00000000f5580000, 0x00000000f8b80000, 0x0000000100000000)
  eden space 29696K, 99% used [0x00000000f5580000,0x00000000f727ffe0,0x00000000f7280000)
  from space 11264K, 0% used [0x00000000f7e00000,0x00000000f7e00000,0x00000000f8900000)
  to   space 11264K, 0% used [0x00000000f7280000,0x00000000f7280000,0x00000000f7d80000)
 ParOldGen       total 349696K, used 349694K [0x00000000e0000000, 0x00000000f5580000, 0x00000000f5580000)
  object space 349696K, 99% used [0x00000000e0000000,0x00000000f557fb08,0x00000000f5580000)
 Metaspace       used 63889K, committed 64960K, reserved 1114112K
  class space    used 6317K, committed 6784K, reserved 1048576K
}
Event: 1010.069 GC heap before
{Heap before GC invocations=758 (full 631):
 PSYoungGen      total 40960K, used 29695K [0x00000000f5580000, 0x00000000f8b80000, 0x0000000100000000)
  eden space 29696K, 99% used [0x00000000f5580000,0x00000000f727fff8,0x00000000f7280000)
  from space 11264K, 0% used [0x00000000f7e00000,0x00000000f7e00000,0x00000000f8900000)
  to   space 11264K, 0% used [0x00000000f7280000,0x00000000f7280000,0x00000000f7d80000)
 ParOldGen       total 349696K, used 349694K [0x00000000e0000000, 0x00000000f5580000, 0x00000000f5580000)
  object space 349696K, 99% used [0x00000000e0000000,0x00000000f557fb08,0x00000000f5580000)
 Metaspace       used 63889K, committed 64960K, reserved 1114112K
  class space    used 6317K, committed 6784K, reserved 1048576K
}
Event: 1011.290 GC heap after
{Heap after GC invocations=758 (full 631):
 PSYoungGen      total 40960K, used 29695K [0x00000000f5580000, 0x00000000f8b80000, 0x0000000100000000)
  eden space 29696K, 99% used [0x00000000f5580000,0x00000000f727fff8,0x00000000f7280000)
  from space 11264K, 0% used [0x00000000f7280000,0x00000000f7280000,0x00000000f7d80000)
  to   space 11264K, 0% used [0x00000000f7e00000,0x00000000f7e00000,0x00000000f8900000)
 ParOldGen       total 349696K, used 349694K [0x00000000e0000000, 0x00000000f5580000, 0x00000000f5580000)
  object space 349696K, 99% used [0x00000000e0000000,0x00000000f557fb08,0x00000000f5580000)
 Metaspace       used 63889K, committed 64960K, reserved 1114112K
  class space    used 6317K, committed 6784K, reserved 1048576K
}
Event: 1011.290 GC heap before
{Heap before GC invocations=759 (full 632):
 PSYoungGen      total 40960K, used 29695K [0x00000000f5580000, 0x00000000f8b80000, 0x0000000100000000)
  eden space 29696K, 99% used [0x00000000f5580000,0x00000000f727fff8,0x00000000f7280000)
  from space 11264K, 0% used [0x00000000f7280000,0x00000000f7280000,0x00000000f7d80000)
  to   space 11264K, 0% used [0x00000000f7e00000,0x00000000f7e00000,0x00000000f8900000)
 ParOldGen       total 349696K, used 349695K [0x00000000e0000000, 0x00000000f5580000, 0x00000000f5580000)
  object space 349696K, 99% used [0x00000000e0000000,0x00000000f557fe10,0x00000000f5580000)
 Metaspace       used 63889K, committed 64960K, reserved 1114112K
  class space    used 6317K, committed 6784K, reserved 1048576K
}
Event: 1014.271 GC heap after
{Heap after GC invocations=759 (full 632):
 PSYoungGen      total 40960K, used 29695K [0x00000000f5580000, 0x00000000f8b80000, 0x0000000100000000)
  eden space 29696K, 99% used [0x00000000f5580000,0x00000000f727ffe0,0x00000000f7280000)
  from space 11264K, 0% used [0x00000000f7e00000,0x00000000f7e00000,0x00000000f8900000)
  to   space 11264K, 0% used [0x00000000f7280000,0x00000000f7280000,0x00000000f7d80000)
 ParOldGen       total 349696K, used 349695K [0x00000000e0000000, 0x00000000f5580000, 0x00000000f5580000)
  object space 349696K, 99% used [0x00000000e0000000,0x00000000f557fc50,0x00000000f5580000)
 Metaspace       used 63889K, committed 64960K, reserved 1114112K
  class space    used 6317K, committed 6784K, reserved 1048576K
}
Event: 1014.271 GC heap before
{Heap before GC invocations=760 (full 633):
 PSYoungGen      total 40960K, used 29695K [0x00000000f5580000, 0x00000000f8b80000, 0x0000000100000000)
  eden space 29696K, 99% used [0x00000000f5580000,0x00000000f727ffe0,0x00000000f7280000)
  from space 11264K, 0% used [0x00000000f7e00000,0x00000000f7e00000,0x00000000f8900000)
  to   space 11264K, 0% used [0x00000000f7280000,0x00000000f7280000,0x00000000f7d80000)
 ParOldGen       total 349696K, used 349695K [0x00000000e0000000, 0x00000000f5580000, 0x00000000f5580000)
  object space 349696K, 99% used [0x00000000e0000000,0x00000000f557fc50,0x00000000f5580000)
 Metaspace       used 63889K, committed 64960K, reserved 1114112K
  class space    used 6317K, committed 6784K, reserved 1048576K
}
Event: 1017.904 GC heap after
{Heap after GC invocations=760 (full 633):
 PSYoungGen      total 40960K, used 29695K [0x00000000f5580000, 0x00000000f8b80000, 0x0000000100000000)
  eden space 29696K, 99% used [0x00000000f5580000,0x00000000f727ffe0,0x00000000f7280000)
  from space 11264K, 0% used [0x00000000f7280000,0x00000000f7280000,0x00000000f7d80000)
  to   space 11264K, 0% used [0x00000000f7e00000,0x00000000f7e00000,0x00000000f8900000)
 ParOldGen       total 349696K, used 349695K [0x00000000e0000000, 0x00000000f5580000, 0x00000000f5580000)
  object space 349696K, 99% used [0x00000000e0000000,0x00000000f557fc50,0x00000000f5580000)
 Metaspace       used 63889K, committed 64960K, reserved 1114112K
  class space    used 6317K, committed 6784K, reserved 1048576K
}

Dll operation events (9 events):
Event: 0.002 Loaded shared library /nix/store/gpxl5qgg8kicmcvivwmybwjlpf7wh20l-graalvm17-ce-22.3.0/lib/libjava.so
Event: 0.007 Loaded shared library /nix/store/gpxl5qgg8kicmcvivwmybwjlpf7wh20l-graalvm17-ce-22.3.0/lib/libjsvml.so
Event: 0.190 Loaded shared library /nix/store/gpxl5qgg8kicmcvivwmybwjlpf7wh20l-graalvm17-ce-22.3.0/lib/libnio.so
Event: 0.192 Loaded shared library /nix/store/gpxl5qgg8kicmcvivwmybwjlpf7wh20l-graalvm17-ce-22.3.0/lib/libjvmcicompiler.so
Event: 0.262 Loaded shared library /nix/store/gpxl5qgg8kicmcvivwmybwjlpf7wh20l-graalvm17-ce-22.3.0/lib/libzip.so
Event: 0.577 Loaded shared library /nix/store/gpxl5qgg8kicmcvivwmybwjlpf7wh20l-graalvm17-ce-22.3.0/lib/libjimage.so
Event: 1.163 Loaded shared library /nix/store/gpxl5qgg8kicmcvivwmybwjlpf7wh20l-graalvm17-ce-22.3.0/lib/libnet.so
Event: 4.555 Loaded shared library /home/runner/.cache/jdt-language-server/config/org.eclipse.equinox.launcher/org.eclipse.equinox.launcher.gtk.linux.x86_64_1.2.400.v20211117-0650/eclipse_11600.so
Event: 14.491 Loaded shared library /nix/store/gpxl5qgg8kicmcvivwmybwjlpf7wh20l-graalvm17-ce-22.3.0/lib/libextnet.so

Deoptimization events (20 events):
Event: 402.695 Thread 0x00007f44080fecf0 DEOPT PACKING pc=0x00007f4480bf9bf3 sp=0x00007f44459fd710
Event: 402.695 Thread 0x00007f44080fecf0 DEOPT UNPACKING pc=0x00007f447f505325 sp=0x00007f44459fcbe0 mode 0
Event: 536.587 Thread 0x00007f44980b21e0 DEOPT PACKING pc=0x00007f448047dbba sp=0x00007f449c315ef0
Event: 536.587 Thread 0x00007f44980b21e0 DEOPT UNPACKING pc=0x00007f447f505325 sp=0x00007f449c315458 mode 0
Event: 736.856 Thread 0x00007f44980b21e0 Uncommon trap: trap_request=0xffffffcd fr.pc=0x00007f448724e06c relative=0x0000000000000d6c
Event: 736.856 Thread 0x00007f44980b21e0 Uncommon trap: reason=intrinsic_or_type_checked_inlining action=reinterpret pc=0x00007f448724e06c method=java.io.DataOutputStream.write([BII)V @ 0 jvmci
Event: 736.856 Thread 0x00007f44980b21e0 DEOPT PACKING pc=0x00007f448724e06c sp=0x00007f449c315f90
Event: 736.856 Thread 0x00007f44980b21e0 DEOPT UNPACKING pc=0x00007f447f505325 sp=0x00007f449c3153d0 mode 3
Event: 736.856 Thread 0x00007f44980b21e0 Uncommon trap: trap_request=0xffffffcd fr.pc=0x00007f448724728f relative=0x0000000000000d0f
Event: 736.856 Thread 0x00007f44980b21e0 Uncommon trap: reason=intrinsic_or_type_checked_inlining action=reinterpret pc=0x00007f448724728f method=java.io.DataOutputStream.write([BII)V @ 0 jvmci
Event: 736.856 Thread 0x00007f44980b21e0 DEOPT PACKING pc=0x00007f448724728f sp=0x00007f449c315fa0
Event: 736.856 Thread 0x00007f44980b21e0 DEOPT UNPACKING pc=0x00007f447f505325 sp=0x00007f449c3153d0 mode 3
Event: 999.675 Thread 0x00007f44080fecf0 Uncommon trap: trap_request=0xffffff8f fr.pc=0x00007f4486fa5b4e relative=0x000000000000066e
Event: 999.675 Thread 0x00007f44080fecf0 Uncommon trap: reason=constraint action=none pc=0x00007f4486fa5b4e method=java.util.HashMap.resize()[Ljava/util/HashMap$Node; @ 131 jvmci
Event: 1001.068 Thread 0x00007f44080fecf0 DEOPT PACKING pc=0x00007f4486fa5b4e sp=0x00007f44459fd6b0
Event: 1001.068 Thread 0x00007f44080fecf0 DEOPT UNPACKING pc=0x00007f447f505325 sp=0x00007f44459fcb08 mode 3
Event: 1007.272 Thread 0x00007f44080fecf0 DEOPT PACKING pc=0x00007f4487131274 sp=0x00007f44459fd6f0
Event: 1007.272 Thread 0x00007f44080fecf0 DEOPT UNPACKING pc=0x00007f447f505325 sp=0x00007f44459fcb90 mode 1
Event: 1007.272 Thread 0x00007f44080fecf0 DEOPT PACKING pc=0x00007f4486fb9ac4 sp=0x00007f44459fd770
Event: 1007.272 Thread 0x00007f44080fecf0 DEOPT UNPACKING pc=0x00007f447f505325 sp=0x00007f44459fcc40 mode 1

Classes unloaded (20 events):
Event: 151.600 Thread 0x00007f44980a1c10 Unloading class 0x0000000801064400 'java/lang/invoke/LambdaForm$MH+0x0000000801064400'
Event: 151.600 Thread 0x00007f44980a1c10 Unloading class 0x0000000801064000 'java/lang/invoke/LambdaForm$MH+0x0000000801064000'
Event: 151.600 Thread 0x00007f44980a1c10 Unloading class 0x0000000800ef8000 'jdk/internal/reflect/GeneratedConstructorAccessor12'
Event: 151.600 Thread 0x00007f44980a1c10 Unloading class 0x0000000800ef4800 'jdk/internal/reflect/GeneratedConstructorAccessor10'
Event: 151.600 Thread 0x00007f44980a1c10 Unloading class 0x0000000800ef4400 'jdk/internal/reflect/GeneratedConstructorAccessor9'
Event: 151.600 Thread 0x00007f44980a1c10 Unloading class 0x0000000800ef4000 'jdk/internal/reflect/GeneratedConstructorAccessor8'
Event: 151.600 Thread 0x00007f44980a1c10 Unloading class 0x0000000800d99000 'java/lang/invoke/LambdaForm$MH+0x0000000800d99000'
Event: 151.600 Thread 0x00007f44980a1c10 Unloading class 0x0000000800d98c00 'java/lang/invoke/LambdaForm$MH+0x0000000800d98c00'
Event: 151.600 Thread 0x00007f44980a1c10 Unloading class 0x0000000800d98800 'java/lang/invoke/LambdaForm$MH+0x0000000800d98800'
Event: 151.600 Thread 0x00007f44980a1c10 Unloading class 0x0000000800d98400 'java/lang/invoke/LambdaForm$MH+0x0000000800d98400'
Event: 151.600 Thread 0x00007f44980a1c10 Unloading class 0x0000000800d98000 'jdk/internal/reflect/GeneratedConstructorAccessor3'
Event: 151.600 Thread 0x00007f44980a1c10 Unloading class 0x0000000800d06800 'java/lang/invoke/LambdaForm$MH+0x0000000800d06800'
Event: 151.600 Thread 0x00007f44980a1c10 Unloading class 0x0000000800d06000 'java/lang/invoke/LambdaForm$MH+0x0000000800d06000'
Event: 151.600 Thread 0x00007f44980a1c10 Unloading class 0x0000000800d05c00 'java/lang/invoke/LambdaForm$MH+0x0000000800d05c00'
Event: 151.600 Thread 0x00007f44980a1c10 Unloading class 0x0000000800d05800 'java/lang/invoke/LambdaForm$MH+0x0000000800d05800'
Event: 151.600 Thread 0x00007f44980a1c10 Unloading class 0x0000000800d05000 'java/lang/invoke/LambdaForm$MH+0x0000000800d05000'
Event: 151.600 Thread 0x00007f44980a1c10 Unloading class 0x0000000800d04c00 'java/lang/invoke/LambdaForm$MH+0x0000000800d04c00'
Event: 151.600 Thread 0x00007f44980a1c10 Unloading class 0x0000000800d04800 'java/lang/invoke/LambdaForm$MH+0x0000000800d04800'
Event: 151.600 Thread 0x00007f44980a1c10 Unloading class 0x0000000800d04000 'java/lang/invoke/LambdaForm$MH+0x0000000800d04000'
Event: 371.178 Thread 0x00007f44980a1c10 Unloading class 0x000000080127c000 'jdk/internal/reflect/GeneratedConstructorAccessor45'

Classes redefined (0 events):
No events

Internal exceptions (20 events):
Event: 78.171 Thread 0x00007f440809eb60 Exception <a 'java/lang/ClassCastException'{0x00000000f6d86e58}: class org.eclipse.jdt.internal.compiler.lookup.BinaryTypeBinding cannot be cast to class org.eclipse.jdt.internal.compiler.lookup.SourceTypeBinding (org.eclipse.jdt.internal.compiler.lookup.BinaryTypeBinding and org.eclipse.jdt.internal.compiler.lookup.SourceTypeBinding are in unnamed module of loader org.eclipse.osgi.internal.loader.EquinoxClassLoader @cc9e210)> (0x00000000f6d86e58) 
thrown [src/hotspot/share/interpreter/interpreterRuntime.c
Event: 78.171 Thread 0x00007f440809eb60 Exception <a 'java/lang/ClassCastException'{0x00000000f6d872c0}: class org.eclipse.jdt.internal.compiler.lookup.BinaryTypeBinding cannot be cast to class org.eclipse.jdt.internal.compiler.lookup.SourceTypeBinding (org.eclipse.jdt.internal.compiler.lookup.BinaryTypeBinding and org.eclipse.jdt.internal.compiler.lookup.SourceTypeBinding are in unnamed module of loader org.eclipse.osgi.internal.loader.EquinoxClassLoader @cc9e210)> (0x00000000f6d872c0) 
thrown [src/hotspot/share/interpreter/interpreterRuntime.c
Event: 78.171 Thread 0x00007f440809eb60 Exception <a 'java/lang/ClassCastException'{0x00000000f6d87728}: class org.eclipse.jdt.internal.compiler.lookup.BinaryTypeBinding cannot be cast to class org.eclipse.jdt.internal.compiler.lookup.SourceTypeBinding (org.eclipse.jdt.internal.compiler.lookup.BinaryTypeBinding and org.eclipse.jdt.internal.compiler.lookup.SourceTypeBinding are in unnamed module of loader org.eclipse.osgi.internal.loader.EquinoxClassLoader @cc9e210)> (0x00000000f6d87728) 
thrown [src/hotspot/share/interpreter/interpreterRuntime.c
Event: 80.460 Thread 0x00007f440809eb60 Exception <a 'java/lang/ArrayIndexOutOfBoundsException'{0x00000000f6cb08d0}: Index 107 out of bounds for length 107> (0x00000000f6cb08d0) 
thrown [src/hotspot/share/interpreter/interpreterRuntime.cpp, line 428]
Event: 80.482 Thread 0x00007f440809eb60 Exception <a 'java/lang/ClassCastException'{0x00000000f6d26690}: class org.eclipse.jdt.internal.compiler.lookup.BinaryTypeBinding cannot be cast to class org.eclipse.jdt.internal.compiler.lookup.SourceTypeBinding (org.eclipse.jdt.internal.compiler.lookup.BinaryTypeBinding and org.eclipse.jdt.internal.compiler.lookup.SourceTypeBinding are in unnamed module of loader org.eclipse.osgi.internal.loader.EquinoxClassLoader @cc9e210)> (0x00000000f6d26690) 
thrown [src/hotspot/share/interpreter/interpreterRuntime.c
Event: 80.482 Thread 0x00007f440809eb60 Exception <a 'java/lang/ClassCastException'{0x00000000f6d26af8}: class org.eclipse.jdt.internal.compiler.lookup.BinaryTypeBinding cannot be cast to class org.eclipse.jdt.internal.compiler.lookup.SourceTypeBinding (org.eclipse.jdt.internal.compiler.lookup.BinaryTypeBinding and org.eclipse.jdt.internal.compiler.lookup.SourceTypeBinding are in unnamed module of loader org.eclipse.osgi.internal.loader.EquinoxClassLoader @cc9e210)> (0x00000000f6d26af8) 
thrown [src/hotspot/share/interpreter/interpreterRuntime.c
Event: 80.482 Thread 0x00007f440809eb60 Exception <a 'java/lang/ClassCastException'{0x00000000f6d26f60}: class org.eclipse.jdt.internal.compiler.lookup.BinaryTypeBinding cannot be cast to class org.eclipse.jdt.internal.compiler.lookup.SourceTypeBinding (org.eclipse.jdt.internal.compiler.lookup.BinaryTypeBinding and org.eclipse.jdt.internal.compiler.lookup.SourceTypeBinding are in unnamed module of loader org.eclipse.osgi.internal.loader.EquinoxClassLoader @cc9e210)> (0x00000000f6d26f60) 
thrown [src/hotspot/share/interpreter/interpreterRuntime.c
Event: 80.482 Thread 0x00007f440809eb60 Exception <a 'java/lang/ClassCastException'{0x00000000f6d273c8}: class org.eclipse.jdt.internal.compiler.lookup.BinaryTypeBinding cannot be cast to class org.eclipse.jdt.internal.compiler.lookup.SourceTypeBinding (org.eclipse.jdt.internal.compiler.lookup.BinaryTypeBinding and org.eclipse.jdt.internal.compiler.lookup.SourceTypeBinding are in unnamed module of loader org.eclipse.osgi.internal.loader.EquinoxClassLoader @cc9e210)> (0x00000000f6d273c8) 
thrown [src/hotspot/share/interpreter/interpreterRuntime.c
Event: 80.482 Thread 0x00007f440809eb60 Exception <a 'java/lang/ClassCastException'{0x00000000f6d27830}: class org.eclipse.jdt.internal.compiler.lookup.BinaryTypeBinding cannot be cast to class org.eclipse.jdt.internal.compiler.lookup.SourceTypeBinding (org.eclipse.jdt.internal.compiler.lookup.BinaryTypeBinding and org.eclipse.jdt.internal.compiler.lookup.SourceTypeBinding are in unnamed module of loader org.eclipse.osgi.internal.loader.EquinoxClassLoader @cc9e210)> (0x00000000f6d27830) 
thrown [src/hotspot/share/interpreter/interpreterRuntime.c
Event: 80.482 Thread 0x00007f440809eb60 Exception <a 'java/lang/ClassCastException'{0x00000000f6d27c98}: class org.eclipse.jdt.internal.compiler.lookup.BinaryTypeBinding cannot be cast to class org.eclipse.jdt.internal.compiler.lookup.SourceTypeBinding (org.eclipse.jdt.internal.compiler.lookup.BinaryTypeBinding and org.eclipse.jdt.internal.compiler.lookup.SourceTypeBinding are in unnamed module of loader org.eclipse.osgi.internal.loader.EquinoxClassLoader @cc9e210)> (0x00000000f6d27c98) 
thrown [src/hotspot/share/interpreter/interpreterRuntime.c
Event: 80.482 Thread 0x00007f440809eb60 Exception <a 'java/lang/ClassCastException'{0x00000000f6d42d38}: class org.eclipse.jdt.internal.compiler.lookup.BinaryTypeBinding cannot be cast to class org.eclipse.jdt.internal.compiler.lookup.SourceTypeBinding (org.eclipse.jdt.internal.compiler.lookup.BinaryTypeBinding and org.eclipse.jdt.internal.compiler.lookup.SourceTypeBinding are in unnamed module of loader org.eclipse.osgi.internal.loader.EquinoxClassLoader @cc9e210)> (0x00000000f6d42d38) 
thrown [src/hotspot/share/interpreter/interpreterRuntime.c
Event: 80.482 Thread 0x00007f440809eb60 Exception <a 'java/lang/ClassCastException'{0x00000000f6d431a0}: class org.eclipse.jdt.internal.compiler.lookup.BinaryTypeBinding cannot be cast to class org.eclipse.jdt.internal.compiler.lookup.SourceTypeBinding (org.eclipse.jdt.internal.compiler.lookup.BinaryTypeBinding and org.eclipse.jdt.internal.compiler.lookup.SourceTypeBinding are in unnamed module of loader org.eclipse.osgi.internal.loader.EquinoxClassLoader @cc9e210)> (0x00000000f6d431a0) 
thrown [src/hotspot/share/interpreter/interpreterRuntime.c
Event: 80.482 Thread 0x00007f440809eb60 Exception <a 'java/lang/ClassCastException'{0x00000000f6d43608}: class org.eclipse.jdt.internal.compiler.lookup.BinaryTypeBinding cannot be cast to class org.eclipse.jdt.internal.compiler.lookup.SourceTypeBinding (org.eclipse.jdt.internal.compiler.lookup.BinaryTypeBinding and org.eclipse.jdt.internal.compiler.lookup.SourceTypeBinding are in unnamed module of loader org.eclipse.osgi.internal.loader.EquinoxClassLoader @cc9e210)> (0x00000000f6d43608) 
thrown [src/hotspot/share/interpreter/interpreterRuntime.c
Event: 91.874 Thread 0x00007f440809eb60 Exception <a 'java/lang/ArrayIndexOutOfBoundsException'{0x00000000f724ca20}: Index 117 out of bounds for length 117> (0x00000000f724ca20) 
thrown [src/hotspot/share/interpreter/interpreterRuntime.cpp, line 428]
Event: 154.256 Thread 0x00007f44080fecf0 Exception <a 'java/lang/NoSuchMethodError'{0x00000000f71123e8}: 'int java.lang.invoke.DirectMethodHandle$Holder.invokeVirtual(java.lang.Object, java.lang.Object)'> (0x00000000f71123e8) 
thrown [src/hotspot/share/interpreter/linkResolver.cpp, line 758]
Event: 161.585 Thread 0x00007f4408102c90 Exception <a 'java/lang/ArrayIndexOutOfBoundsException'{0x00000000f71fc5c0}: Index 143 out of bounds for length 143> (0x00000000f71fc5c0) 
thrown [src/hotspot/share/interpreter/interpreterRuntime.cpp, line 428]
Event: 999.675 Thread 0x00007f44080fecf0 Exception <a 'java/lang/OutOfMemoryError'{0x00000000e00049d0}> (0x00000000e00049d0) 
thrown [src/hotspot/share/gc/shared/memAllocator.cpp, line 138]
Event: 999.675 Thread 0x00007f44080fecf0 Implicit null exception at 0x00007f4486fa59de to 0x00007f4486fa5b33
Event: 1007.272 Thread 0x00007f44080fecf0 Exception <a 'java/lang/OutOfMemoryError'{0x00000000e0003e90}> (0x00000000e0003e90) 
thrown [src/hotspot/share/gc/shared/memAllocator.cpp, line 136]
Event: 1017.904 Thread 0x00007f44980b21e0 Exception <a 'java/lang/OutOfMemoryError'{0x00000000e0004480}> (0x00000000e0004480) 
thrown [src/hotspot/share/gc/shared/memAllocator.cpp, line 136]

VM Operations (20 events):
Event: 995.893 Executing VM operation: ParallelGCFailedAllocation
Event: 997.265 Executing VM operation: ParallelGCFailedAllocation done
Event: 997.266 Executing VM operation: ParallelGCFailedAllocation
Event: 999.675 Executing VM operation: ParallelGCFailedAllocation done
Event: 999.675 Executing VM operation: ParallelGCFailedAllocation
Event: 1001.068 Executing VM operation: ParallelGCFailedAllocation done
Event: 1001.071 Executing VM operation: ParallelGCFailedAllocation
Event: 1002.493 Executing VM operation: ParallelGCFailedAllocation done
Event: 1002.497 Executing VM operation: ParallelGCFailedAllocation
Event: 1004.210 Executing VM operation: ParallelGCFailedAllocation done
Event: 1004.210 Executing VM operation: ParallelGCFailedAllocation
Event: 1007.272 Executing VM operation: ParallelGCFailedAllocation done
Event: 1007.272 Executing VM operation: ParallelGCFailedAllocation
Event: 1008.782 Executing VM operation: ParallelGCFailedAllocation done
Event: 1008.783 Executing VM operation: ParallelGCFailedAllocation
Event: 1010.067 Executing VM operation: ParallelGCFailedAllocation done
Event: 1010.068 Executing VM operation: ParallelGCFailedAllocation
Event: 1011.290 Executing VM operation: ParallelGCFailedAllocation done
Event: 1011.290 Executing VM operation: ParallelGCFailedAllocation
Event: 1017.904 Executing VM operation: ParallelGCFailedAllocation done

Events (20 events):
Event: 160.259 Protecting memory [0x00007f4445d00000,0x00007f4445d04000] with protection modes 0
Event: 161.659 Thread 0x00007f4428001580 Thread added: 0x00007f4428001580
Event: 161.659 Protecting memory [0x00007f4446100000,0x00007f4446104000] with protection modes 0
Event: 163.075 Thread 0x00007f4408102c90 Thread exited: 0x00007f4408102c90
Event: 219.032 Thread 0x00007f4414048a80 Thread exited: 0x00007f4414048a80
Event: 219.033 Thread 0x00007f43d00fb2e0 Thread exited: 0x00007f43d00fb2e0
Event: 220.588 Thread 0x00007f44284f9f70 Thread added: 0x00007f44284f9f70
Event: 220.588 Protecting memory [0x00007f4446600000,0x00007f4446604000] with protection modes 0
Event: 229.591 Thread 0x00007f4428001580 Thread exited: 0x00007f4428001580
Event: 309.676 Thread 0x00007f4428001580 Thread added: 0x00007f4428001580
Event: 309.676 Protecting memory [0x00007f4446100000,0x00007f4446104000] with protection modes 0
Event: 387.117 loading class java/io/InterruptedIOException
Event: 387.117 loading class java/io/InterruptedIOException done
Event: 387.117 loading class javax/net/ssl/SSLException
Event: 387.117 loading class javax/net/ssl/SSLException done
Event: 387.118 loading class java/lang/AssertionError
Event: 388.783 loading class java/lang/AssertionError done
Event: 427.683 Thread 0x00007f442841c020 Thread exited: 0x00007f442841c020
Event: 447.359 Thread 0x00007f4400003b00 Thread exited: 0x00007f4400003b00
Event: 447.359 Thread 0x00007f442841ca50 Thread exited: 0x00007f442841ca50


Dynamic libraries:
e0000000-f5580000 rw-p 00000000 00:00 0 
f5580000-f8b80000 rw-p 00000000 00:00 0 
f8b80000-100000000 ---p 00000000 00:00 0 
800000000-800449000 rw-p 00001000 00:1227 4611686019135357769            /nix/store/gpxl5qgg8kicmcvivwmybwjlpf7wh20l-graalvm17-ce-22.3.0/lib/server/classes.jsa
800449000-800bc8000 r--p 0044a000 00:1227 4611686019135357769            /nix/store/gpxl5qgg8kicmcvivwmybwjlpf7wh20l-graalvm17-ce-22.3.0/lib/server/classes.jsa
800bc8000-800c00000 ---p 00000000 00:00 0 
800c00000-800c20000 rw-p 00000000 00:00 0 
800c20000-800c40000 rw-p 00000000 00:00 0 
800c40000-800cc0000 rw-p 00000000 00:00 0 
800cc0000-800d00000 rw-p 00000000 00:00 0 
800d00000-800dc0000 rw-p 00000000 00:00 0 
800dc0000-800e00000 rw-p 00000000 00:00 0 
800e00000-800f40000 rw-p 00000000 00:00 0 
800f40000-800fc0000 rw-p 00000000 00:00 0 
800fc0000-801000000 rw-p 00000000 00:00 0 
801000000-8012a0000 rw-p 00000000 00:00 0 
8012a0000-840c00000 ---p 00000000 00:00 0 
55678a706000-55678a707000 r-xp 00000000 00:1227 4611686019099417844      /nix/store/gpxl5qgg8kicmcvivwmybwjlpf7wh20l-graalvm17-ce-22.3.0/bin/.java-wrapped
55678a708000-55678a709000 r--p 00001000 00:1227 4611686019099417844      /nix/store/gpxl5qgg8kicmcvivwmybwjlpf7wh20l-graalvm17-ce-22.3.0/bin/.java-wrapped
55678a709000-55678a70a000 rw-p 00002000 00:1227 4611686019099417844      /nix/store/gpxl5qgg8kicmcvivwmybwjlpf7wh20l-graalvm17-ce-22.3.0/bin/.java-wrapped
55678a70a000-55678a70b000 rw-p 00004000 00:1227 4611686019099417844      /nix/store/gpxl5qgg8kicmcvivwmybwjlpf7wh20l-graalvm17-ce-22.3.0/bin/.java-wrapped
55678a70b000-55678a70c000 rw-p 00005000 00:1227 4611686019099417844      /nix/store/gpxl5qgg8kicmcvivwmybwjlpf7wh20l-graalvm17-ce-22.3.0/bin/.java-wrapped
55678b817000-55678b85f000 rw-p 00000000 00:00 0                          [heap]
7f43b8000000-7f43b8021000 rw-p 00000000 00:00 0 
7f43b8021000-7f43bc000000 ---p 00000000 00:00 0 
7f43bc000000-7f43bc067000 rw-p 00000000 00:00 0 
7f43bc067000-7f43c0000000 ---p 00000000 00:00 0 
7f43c0000000-7f43c0021000 rw-p 00000000 00:00 0 
7f43c0021000-7f43c4000000 ---p 00000000 00:00 0 
7f43c4000000-7f43c4021000 rw-p 00000000 00:00 0 
7f43c4021000-7f43c8000000 ---p 00000000 00:00 0 
7f43c8000000-7f43c8103000 rw-p 00000000 00:00 0 
7f43c8103000-7f43cc000000 ---p 00000000 00:00 0 
7f43cc000000-7f43cc021000 rw-p 00000000 00:00 0 
7f43cc021000-7f43d0000000 ---p 00000000 00:00 0 
7f43d0000000-7f43d0118000 rw-p 00000000 00:00 0 
7f43d0118000-7f43d4000000 ---p 00000000 00:00 0 
7f43d4000000-7f43d40e0000 rw-p 00000000 00:00 0 
7f43d40e0000-7f43d8000000 ---p 00000000 00:00 0 
7f43d8000000-7f43d8021000 rw-p 00000000 00:00 0 
7f43d8021000-7f43dc000000 ---p 00000000 00:00 0 
7f43dc000000-7f43dc024000 rw-p 00000000 00:00 0 
7f43dc024000-7f43e0000000 ---p 00000000 00:00 0 
7f43e0000000-7f43e0021000 rw-p 00000000 00:00 0 
7f43e0021000-7f43e4000000 ---p 00000000 00:00 0 
7f43e4000000-7f43e4021000 rw-p 00000000 00:00 0 
7f43e4021000-7f43e8000000 ---p 00000000 00:00 0 
7f43e8000000-7f43e8021000 rw-p 00000000 00:00 0 
7f43e8021000-7f43ec000000 ---p 00000000 00:00 0 
7f43eec00000-7f43eed10000 rw-p 00000000 00:00 0 
7f43eed10000-7f43ef400000 ---p 00000000 00:00 0 
7f43ef400000-7f43ef580000 rw-p 00000000 00:00 0 
7f43ef580000-7f43ef600000 rw-p 00000000 00:00 0 
7f43ef600000-7f43ef960000 rw-p 00000000 00:00 0 
7f43ef960000-7f43efc00000 rw-p 00000000 00:00 0 
7f43f24b3000-7f43fc000000 r--s 00000000 00:1227 4611686019135192581      /nix/store/gpxl5qgg8kicmcvivwmybwjlpf7wh20l-graalvm17-ce-22.3.0/lib/modules
7f43fc000000-7f43fc082000 rw-p 00000000 00:00 0 
7f43fc082000-7f4400000000 ---p 00000000 00:00 0 
7f4400000000-7f4400021000 rw-p 00000000 00:00 0 
7f4400021000-7f4404000000 ---p 00000000 00:00 0 
7f4404000000-7f44040f5000 rw-p 00000000 00:00 0 
7f44040f5000-7f4408000000 ---p 00000000 00:00 0 
7f4408000000-7f440811e000 rw-p 00000000 00:00 0 
7f440811e000-7f440c000000 ---p 00000000 00:00 0 
7f440c000000-7f440c021000 rw-p 00000000 00:00 0 
7f440c021000-7f4410000000 ---p 00000000 00:00 0 
7f4410000000-7f4410021000 rw-p 00000000 00:00 0 
7f4410021000-7f4414000000 ---p 00000000 00:00 0 
7f4414000000-7f4414069000 rw-p 00000000 00:00 0 
7f4414069000-7f4418000000 ---p 00000000 00:00 0 
7f4418000000-7f4418073000 rw-p 00000000 00:00 0 
7f4418073000-7f441c000000 ---p 00000000 00:00 0 
7f441c000000-7f441c021000 rw-p 00000000 00:00 0 
7f441c021000-7f4420000000 ---p 00000000 00:00 0 
7f4420000000-7f44202fd000 rw-p 00000000 00:00 0 
7f44202fd000-7f4424000000 ---p 00000000 00:00 0 
7f4424000000-7f4424021000 rw-p 00000000 00:00 0 
7f4424021000-7f4428000000 ---p 00000000 00:00 0 
7f4428000000-7f4428507000 rw-p 00000000 00:00 0 
7f4428507000-7f442c000000 ---p 00000000 00:00 0 
7f442c000000-7f442c026000 rw-p 00000000 00:00 0 
7f442c026000-7f4430000000 ---p 00000000 00:00 0 
7f4430000000-7f4430923000 rw-p 00000000 00:00 0 
7f4430923000-7f4434000000 ---p 00000000 00:00 0 
7f4434800000-7f4434a00000 rw-p 00000000 00:00 0 
7f4434a00000-7f4434f80000 rw-p 00000000 00:00 0 
7f4434f80000-7f4434fc0000 rw-p 00000000 00:00 0 
7f4434fc0000-7f4435000000 ---p 00000000 00:00 0 
7f4435000000-7f4435100000 rw-p 00000000 00:00 0 
7f4435100000-7f4435200000 rw-p 00000000 00:00 0 
7f4435200000-7f4435800000 rw-p 00000000 00:00 0 
7f4435800000-7f4435900000 rw-p 00000000 00:00 0 
7f4435900000-7f4435b00000 rw-p 00000000 00:00 0 
7f4435b00000-7f4435c00000 rw-p 00000000 00:00 0 
7f4435c00000-7f4435d00000 rw-p 00000000 00:00 0 
7f4435d00000-7f4435e00000 rw-p 00000000 00:00 0 
7f4435e00000-7f4436000000 rw-p 00000000 00:00 0 
7f4436000000-7f4436100000 rw-p 00000000 00:00 0 
7f4436100000-7f4436200000 rw-p 00000000 00:00 0 
7f4436200000-7f4436800000 rw-p 00000000 00:00 0 
7f4436800000-7f4436900000 rw-p 00000000 00:00 0 
7f4436900000-7f4436a00000 rw-p 00000000 00:00 0 
7f4436a00000-7f4436d00000 rw-p 00000000 00:00 0 
7f4436d00000-7f4436e00000 rw-p 00000000 00:00 0 
7f4436e00000-7f4437000000 rw-p 00000000 00:00 0 
7f4437600000-7f4437610000 r-xp 00000000 00:121b 353                      /home/runner/.cache/jdt-language-server/config/org.eclipse.equinox.launcher/org.eclipse.equinox.launcher.gtk.linux.x86_64_1.2.400.v20211117-0650/eclipse_11600.so
7f4437610000-7f443780f000 ---p 00010000 00:121b 353                      /home/runner/.cache/jdt-language-server/config/org.eclipse.equinox.launcher/org.eclipse.equinox.launcher.gtk.linux.x86_64_1.2.400.v20211117-0650/eclipse_11600.so
7f443780f000-7f4437810000 r--p 0000f000 00:121b 353                      /home/runner/.cache/jdt-language-server/config/org.eclipse.equinox.launcher/org.eclipse.equinox.launcher.gtk.linux.x86_64_1.2.400.v20211117-0650/eclipse_11600.so
7f4437810000-7f4437811000 rw-p 00010000 00:121b 353                      /home/runner/.cache/jdt-language-server/config/org.eclipse.equinox.launcher/org.eclipse.equinox.launcher.gtk.linux.x86_64_1.2.400.v20211117-0650/eclipse_11600.so
7f4438000000-7f4438021000 rw-p 00000000 00:00 0 
7f4438021000-7f443c000000 ---p 00000000 00:00 0 
7f443c000000-7f443c021000 rw-p 00000000 00:00 0 
7f443c021000-7f4440000000 ---p 00000000 00:00 0 
7f4440000000-7f4440021000 rw-p 00000000 00:00 0 
7f4440021000-7f4444000000 ---p 00000000 00:00 0 
7f4444700000-7f4444800000 ---p 00000000 00:00 0 
7f4444800000-7f4444daf000 r--p 01122000 00:1227 4611686019135190040      /nix/store/gpxl5qgg8kicmcvivwmybwjlpf7wh20l-graalvm17-ce-22.3.0/lib/libjvmcicompiler.so
7f4444daf000-7f4444f00000 r--p 00000000 00:00 0 
7f4444f00000-7f4444f3d000 rw-p 00000000 00:00 0 
7f4444f3d000-7f444545d000 rw-p 0185f000 00:1227 4611686019135190040      /nix/store/gpxl5qgg8kicmcvivwmybwjlpf7wh20l-graalvm17-ce-22.3.0/lib/libjvmcicompiler.so
7f444545d000-7f4445844000 r--p 01d7f000 00:1227 4611686019135190040      /nix/store/gpxl5qgg8kicmcvivwmybwjlpf7wh20l-graalvm17-ce-22.3.0/lib/libjvmcicompiler.so
7f4445900000-7f4445904000 ---p 00000000 00:00 0 
7f4445904000-7f4445a00000 rw-p 00000000 00:00 0 
7f4445b00000-7f4445b04000 ---p 00000000 00:00 0 
7f4445b04000-7f4445c00000 rw-p 00000000 00:00 0 
7f4445d00000-7f4445d04000 ---p 00000000 00:00 0 
7f4445d04000-7f4445e00000 rw-p 00000000 00:00 0 
7f4445e00000-7f4445e04000 ---p 00000000 00:00 0 
7f4445e04000-7f4445f00000 rw-p 00000000 00:00 0 
7f4445f00000-7f4445f04000 ---p 00000000 00:00 0 
7f4445f04000-7f4446000000 rw-p 00000000 00:00 0 
7f4446000000-7f4446004000 ---p 00000000 00:00 0 
7f4446004000-7f4446100000 rw-p 00000000 00:00 0 
7f4446100000-7f4446104000 ---p 00000000 00:00 0 
7f4446104000-7f4446200000 rw-p 00000000 00:00 0 
7f4446300000-7f4446304000 ---p 00000000 00:00 0 
7f4446304000-7f4446400000 rw-p 00000000 00:00 0 
7f4446400000-7f4446404000 ---p 00000000 00:00 0 
7f4446404000-7f4446500000 rw-p 00000000 00:00 0 
7f4446500000-7f4446504000 ---p 00000000 00:00 0 
7f4446504000-7f4446600000 rw-p 00000000 00:00 0 
7f4446600000-7f4446604000 ---p 00000000 00:00 0 
7f4446604000-7f4446700000 rw-p 00000000 00:00 0 
7f4446700000-7f4446704000 ---p 00000000 00:00 0 
7f4446704000-7f4446800000 rw-p 00000000 00:00 0 
7f4446800000-7f4446804000 ---p 00000000 00:00 0 
7f4446804000-7f4446900000 rw-p 00000000 00:00 0 
7f4446900000-7f4446904000 ---p 00000000 00:00 0 
7f4446904000-7f4446a00000 rw-p 00000000 00:00 0 
7f4446a00000-7f4446a04000 ---p 00000000 00:00 0 
7f4446a04000-7f4446b00000 rw-p 00000000 00:00 0 
7f4446b00000-7f4446b04000 ---p 00000000 00:00 0 
7f4446b04000-7f4446c00000 rw-p 00000000 00:00 0 
7f4446c00000-7f4446c04000 ---p 00000000 00:00 0 
7f4446c04000-7f4446d00000 rw-p 00000000 00:00 0 
7f4446d00000-7f4446d04000 ---p 00000000 00:00 0 
7f4446d04000-7f4446e00000 rw-p 00000000 00:00 0 
7f4447a68000-7f4447f00000 rw-p 00000000 00:00 0 
7f4448000000-7f4448021000 rw-p 00000000 00:00 0 
7f4448021000-7f444c000000 ---p 00000000 00:00 0 
7f444c000000-7f444c021000 rw-p 00000000 00:00 0 
7f444c021000-7f4450000000 ---p 00000000 00:00 0 
7f4450000000-7f4450081000 rw-p 00000000 00:00 0 
7f4450081000-7f4454000000 ---p 00000000 00:00 0 
7f4454000000-7f4454021000 rw-p 00000000 00:00 0 
7f4454021000-7f4458000000 ---p 00000000 00:00 0 
7f4458000000-7f44580eb000 rw-p 00000000 00:00 0 
7f44580eb000-7f445c000000 ---p 00000000 00:00 0 
7f445c000000-7f445cbce000 rw-p 00000000 00:00 0 
7f445cbce000-7f4460000000 ---p 00000000 00:00 0 
7f4460000000-7f4460021000 rw-p 00000000 00:00 0 
7f4460021000-7f4464000000 ---p 00000000 00:00 0 
7f4464000000-7f4464021000 rw-p 00000000 00:00 0 
7f4464021000-7f4468000000 ---p 00000000 00:00 0 
7f4468000000-7f4468021000 rw-p 00000000 00:00 0 
7f4468021000-7f446c000000 ---p 00000000 00:00 0 
7f446c000000-7f446c021000 rw-p 00000000 00:00 0 
7f446c021000-7f4470000000 ---p 00000000 00:00 0 
7f4470000000-7f4470021000 rw-p 00000000 00:00 0 
7f4470021000-7f4474000000 ---p 00000000 00:00 0 
7f4474000000-7f4474021000 rw-p 00000000 00:00 0 
7f4474021000-7f4478000000 ---p 00000000 00:00 0 
7f4478000000-7f4478071000 rw-p 00000000 00:00 0 
7f4478071000-7f447c004000 ---p 00000000 00:00 0 
7f447c004000-7f447c100000 rw-p 00000000 00:00 0 
7f447c100000-7f447c104000 ---p 00000000 00:00 0 
7f447c104000-7f447c200000 rw-p 00000000 00:00 0 
7f447c200000-7f447c204000 ---p 00000000 00:00 0 
7f447c204000-7f447c300000 rw-p 00000000 00:00 0 
7f447c300000-7f447c304000 ---p 00000000 00:00 0 
7f447c304000-7f447c400000 rw-p 00000000 00:00 0 
7f447c500000-7f447c504000 ---p 00000000 00:00 0 
7f447c504000-7f447c600000 rw-p 00000000 00:00 0 
7f447c600000-7f447c604000 ---p 00000000 00:00 0 
7f447c604000-7f447c700000 rw-p 00000000 00:00 0 
7f447c700000-7f447c704000 ---p 00000000 00:00 0 
7f447c704000-7f447c800000 rw-p 00000000 00:00 0 
7f447c800000-7f447c804000 ---p 00000000 00:00 0 
7f447c804000-7f447c900000 rw-p 00000000 00:00 0 
7f447c900000-7f447c904000 ---p 00000000 00:00 0 
7f447c904000-7f447ca00000 rw-p 00000000 00:00 0 
7f447ca00000-7f447ca04000 ---p 00000000 00:00 0 
7f447ca04000-7f447cb00000 rw-p 00000000 00:00 0 
7f447cb00000-7f447cb04000 ---p 00000000 00:00 0 
7f447cb04000-7f447cc00000 rw-p 00000000 00:00 0 
7f447cc00000-7f447ed6a000 r-xp 00000000 00:1227 4611686019135190040      /nix/store/gpxl5qgg8kicmcvivwmybwjlpf7wh20l-graalvm17-ce-22.3.0/lib/libjvmcicompiler.so
7f447ed6a000-7f447ef69000 ---p 0216a000 00:1227 4611686019135190040      /nix/store/gpxl5qgg8kicmcvivwmybwjlpf7wh20l-graalvm17-ce-22.3.0/lib/libjvmcicompiler.so
7f447ef69000-7f447ef6a000 r--p 02169000 00:1227 4611686019135190040      /nix/store/gpxl5qgg8kicmcvivwmybwjlpf7wh20l-graalvm17-ce-22.3.0/lib/libjvmcicompiler.so
7f447ef6a000-7f447ef6c000 rw-p 0216a000 00:1227 4611686019135190040      /nix/store/gpxl5qgg8kicmcvivwmybwjlpf7wh20l-graalvm17-ce-22.3.0/lib/libjvmcicompiler.so
7f447ef6c000-7f447ef6d000 rw-p 00000000 00:00 0 
7f447ef6d000-7f447ef72000 rw-p 023c3000 00:1227 4611686019135190040      /nix/store/gpxl5qgg8kicmcvivwmybwjlpf7wh20l-graalvm17-ce-22.3.0/lib/libjvmcicompiler.so
7f447efb1000-7f447efb2000 ---p 00000000 00:00 0 
7f447efb2000-7f447f0b3000 rw-p 00000000 00:00 0 
7f447f0b3000-7f447f0b7000 ---p 00000000 00:00 0 
7f447f0b7000-7f447f1b3000 rw-p 00000000 00:00 0 
7f447f1b3000-7f447f1b7000 ---p 00000000 00:00 0 
7f447f1b7000-7f447f2b3000 rw-p 00000000 00:00 0 
7f447f2b3000-7f447f2b7000 ---p 00000000 00:00 0 
7f447f2b7000-7f447f4b3000 rw-p 00000000 00:00 0 
7f447f4b3000-7f447f723000 rwxp 00000000 00:00 0 
7f447f723000-7f447fa42000 ---p 00000000 00:00 0 
7f447fa42000-7f4480c52000 rwxp 00000000 00:00 0 
7f4480c52000-7f4486f7a000 ---p 00000000 00:00 0 
7f4486f7a000-7f448725a000 rwxp 00000000 00:00 0 
7f448725a000-7f448e4b3000 ---p 00000000 00:00 0 
7f448e4b3000-7f4498000000 r--s 00000000 00:1227 4611686019135192581      /nix/store/gpxl5qgg8kicmcvivwmybwjlpf7wh20l-graalvm17-ce-22.3.0/lib/modules
7f4498000000-7f4498639000 rw-p 00000000 00:00 0 
7f4498639000-7f449c000000 ---p 00000000 00:00 0 
7f449c018000-7f449c01c000 ---p 00000000 00:00 0 
7f449c01c000-7f449c118000 rw-p 00000000 00:00 0 
7f449c118000-7f449c11c000 ---p 00000000 00:00 0 
7f449c11c000-7f449c318000 rw-p 00000000 00:00 0 
7f449c318000-7f449c31c000 ---p 00000000 00:00 0 
7f449c31c000-7f449c418000 rw-p 00000000 00:00 0 
7f449c418000-7f449c41c000 ---p 00000000 00:00 0 
7f449c41c000-7f449c518000 rw-p 00000000 00:00 0 
7f449c518000-7f449c51c000 ---p 00000000 00:00 0 
7f449c51c000-7f449c618000 rw-p 00000000 00:00 0 
7f449c618000-7f449c8fe000 r--p 00000000 00:1153 28444448                 /usr/lib/locale/locale-archive
7f449c8fe000-7f449c902000 ---p 00000000 00:00 0 
7f449c902000-7f449c9fe000 rw-p 00000000 00:00 0 
7f449c9fe000-7f449ca02000 ---p 00000000 00:00 0 
7f449ca02000-7f449cafe000 rw-p 00000000 00:00 0 
7f449cafe000-7f449caff000 ---p 00000000 00:00 0 
7f449caff000-7f449d000000 rw-p 00000000 00:00 0 
7f449d000000-7f449d300000 rw-p 00000000 00:00 0 
7f449d300000-7f449d400000 rw-p 00000000 00:00 0 
7f449d448000-7f449d44a000 r-xp 00000000 00:1227 4611686019135190017      /nix/store/gpxl5qgg8kicmcvivwmybwjlpf7wh20l-graalvm17-ce-22.3.0/lib/libextnet.so
7f449d44a000-7f449d44b000 r--p 00001000 00:1227 4611686019135190017      /nix/store/gpxl5qgg8kicmcvivwmybwjlpf7wh20l-graalvm17-ce-22.3.0/lib/libextnet.so
7f449d44b000-7f449d44c000 rw-p 00002000 00:1227 4611686019135190017      /nix/store/gpxl5qgg8kicmcvivwmybwjlpf7wh20l-graalvm17-ce-22.3.0/lib/libextnet.so
7f449d44c000-7f449d44d000 rw-p 00004000 00:1227 4611686019135190017      /nix/store/gpxl5qgg8kicmcvivwmybwjlpf7wh20l-graalvm17-ce-22.3.0/lib/libextnet.so
7f449d44d000-7f449d451000 ---p 00000000 00:00 0 
7f449d451000-7f449d46f000 rw-p 00000000 00:00 0 
7f449d46f000-7f449d476000 r-xp 00000000 00:1227 4611686019135192580      /nix/store/gpxl5qgg8kicmcvivwmybwjlpf7wh20l-graalvm17-ce-22.3.0/lib/libzip.so
7f449d476000-7f449d477000 ---p 00007000 00:1227 4611686019135192580      /nix/store/gpxl5qgg8kicmcvivwmybwjlpf7wh20l-graalvm17-ce-22.3.0/lib/libzip.so
7f449d477000-7f449d478000 r--p 00007000 00:1227 4611686019135192580      /nix/store/gpxl5qgg8kicmcvivwmybwjlpf7wh20l-graalvm17-ce-22.3.0/lib/libzip.so
7f449d478000-7f449d479000 rw-p 00008000 00:1227 4611686019135192580      /nix/store/gpxl5qgg8kicmcvivwmybwjlpf7wh20l-graalvm17-ce-22.3.0/lib/libzip.so
7f449d479000-7f449d47b000 rw-p 0000b000 00:1227 4611686019135192580      /nix/store/gpxl5qgg8kicmcvivwmybwjlpf7wh20l-graalvm17-ce-22.3.0/lib/libzip.so
7f449d47b000-7f449d490000 r-xp 00000000 00:1227 4611686019135192570      /nix/store/gpxl5qgg8kicmcvivwmybwjlpf7wh20l-graalvm17-ce-22.3.0/lib/libnet.so
7f449d490000-7f449d491000 ---p 00015000 00:1227 4611686019135192570      /nix/store/gpxl5qgg8kicmcvivwmybwjlpf7wh20l-graalvm17-ce-22.3.0/lib/libnet.so
7f449d491000-7f449d492000 r--p 00015000 00:1227 4611686019135192570      /nix/store/gpxl5qgg8kicmcvivwmybwjlpf7wh20l-graalvm17-ce-22.3.0/lib/libnet.so
7f449d492000-7f449d493000 rw-p 00016000 00:1227 4611686019135192570      /nix/store/gpxl5qgg8kicmcvivwmybwjlpf7wh20l-graalvm17-ce-22.3.0/lib/libnet.so
7f449d493000-7f449d496000 rw-p 0001b000 00:1227 4611686019135192570      /nix/store/gpxl5qgg8kicmcvivwmybwjlpf7wh20l-graalvm17-ce-22.3.0/lib/libnet.so
7f449d496000-7f449d4a9000 r-xp 00000000 00:1227 4611686019135192571      /nix/store/gpxl5qgg8kicmcvivwmybwjlpf7wh20l-graalvm17-ce-22.3.0/lib/libnio.so
7f449d4a9000-7f449d4aa000 r--p 00012000 00:1227 4611686019135192571      /nix/store/gpxl5qgg8kicmcvivwmybwjlpf7wh20l-graalvm17-ce-22.3.0/lib/libnio.so
7f449d4aa000-7f449d4ab000 rw-p 00013000 00:1227 4611686019135192571      /nix/store/gpxl5qgg8kicmcvivwmybwjlpf7wh20l-graalvm17-ce-22.3.0/lib/libnio.so
7f449d4ab000-7f449d4b0000 rw-p 00019000 00:1227 4611686019135192571      /nix/store/gpxl5qgg8kicmcvivwmybwjlpf7wh20l-graalvm17-ce-22.3.0/lib/libnio.so
7f449d4b0000-7f449d57e000 r-xp 00000000 00:1227 4611686019135190036      /nix/store/gpxl5qgg8kicmcvivwmybwjlpf7wh20l-graalvm17-ce-22.3.0/lib/libjsvml.so
7f449d57e000-7f449d57f000 r--p 000cd000 00:1227 4611686019135190036      /nix/store/gpxl5qgg8kicmcvivwmybwjlpf7wh20l-graalvm17-ce-22.3.0/lib/libjsvml.so
7f449d57f000-7f449d580000 rw-p 000ce000 00:1227 4611686019135190036      /nix/store/gpxl5qgg8kicmcvivwmybwjlpf7wh20l-graalvm17-ce-22.3.0/lib/libjsvml.so
7f449d580000-7f449ee58000 rw-p 00000000 00:00 0 
7f449ee58000-7f449ee59000 ---p 00000000 00:00 0 
7f449ee59000-7f449f004000 rw-p 00000000 00:00 0 
7f449f004000-7f449f020000 rw-p 00000000 00:00 0 
7f449f020000-7f449f05a000 ---p 00000000 00:00 0 
7f449f05a000-7f449f061000 rw-p 00000000 00:00 0 
7f449f061000-7f449f146000 ---p 00000000 00:00 0 
7f449f146000-7f449f16b000 rw-p 00000000 00:00 0 
7f449f16b000-7f449f231000 ---p 00000000 00:00 0 
7f449f231000-7f449f236000 rw-p 00000000 00:00 0 
7f449f236000-7f449f23d000 ---p 00000000 00:00 0 
7f449f23d000-7f449f261000 r-xp 00000000 00:1227 4611686019135190028      /nix/store/gpxl5qgg8kicmcvivwmybwjlpf7wh20l-graalvm17-ce-22.3.0/lib/libjava.so
7f449f261000-7f449f262000 ---p 00024000 00:1227 4611686019135190028      /nix/store/gpxl5qgg8kicmcvivwmybwjlpf7wh20l-graalvm17-ce-22.3.0/lib/libjava.so
7f449f262000-7f449f263000 r--p 00024000 00:1227 4611686019135190028      /nix/store/gpxl5qgg8kicmcvivwmybwjlpf7wh20l-graalvm17-ce-22.3.0/lib/libjava.so
7f449f263000-7f449f264000 rw-p 00025000 00:1227 4611686019135190028      /nix/store/gpxl5qgg8kicmcvivwmybwjlpf7wh20l-graalvm17-ce-22.3.0/lib/libjava.so
7f449f264000-7f449f265000 rw-p 00000000 00:00 0 
7f449f265000-7f449f26c000 rw-p 0002f000 00:1227 4611686019135190028      /nix/store/gpxl5qgg8kicmcvivwmybwjlpf7wh20l-graalvm17-ce-22.3.0/lib/libjava.so
7f449f26c000-7f449f274000 rw-s 00000000 00:669 350                       /tmp/hsperfdata_runner/30
7f449f274000-7f449f275000 ---p 00000000 00:00 0 
7f449f275000-7f449f276000 r--p 00000000 00:00 0 
7f449f276000-7f449f277000 rwxp 00000000 00:00 0 
7f449f277000-7f449f292000 r-xp 00000000 00:1227 4611686019135190032      /nix/store/gpxl5qgg8kicmcvivwmybwjlpf7wh20l-graalvm17-ce-22.3.0/lib/libjimage.so
7f449f292000-7f449f293000 ---p 0001b000 00:1227 4611686019135190032      /nix/store/gpxl5qgg8kicmcvivwmybwjlpf7wh20l-graalvm17-ce-22.3.0/lib/libjimage.so
7f449f293000-7f449f295000 r--p 0001b000 00:1227 4611686019135190032      /nix/store/gpxl5qgg8kicmcvivwmybwjlpf7wh20l-graalvm17-ce-22.3.0/lib/libjimage.so
7f449f295000-7f449f296000 rw-p 0001d000 00:1227 4611686019135190032      /nix/store/gpxl5qgg8kicmcvivwmybwjlpf7wh20l-graalvm17-ce-22.3.0/lib/libjimage.so
7f449f296000-7f449f297000 rw-p 00024000 00:1227 4611686019135190032      /nix/store/gpxl5qgg8kicmcvivwmybwjlpf7wh20l-graalvm17-ce-22.3.0/lib/libjimage.so
7f449f297000-7f449f29b000 ---p 00000000 00:00 0 
7f449f29b000-7f449f397000 rw-p 00000000 00:00 0 
7f449f397000-7f449f3a5000 r--p 00000000 00:1227 4611686019027979927      /nix/store/4nlgxhb09sdr51nc9hdm8az5b08vzkgx-glibc-2.35-163/lib/libm.so.6
7f449f3a5000-7f449f418000 r-xp 0000e000 00:1227 4611686019027979927      /nix/store/4nlgxhb09sdr51nc9hdm8az5b08vzkgx-glibc-2.35-163/lib/libm.so.6
7f449f418000-7f449f475000 r--p 00081000 00:1227 4611686019027979927      /nix/store/4nlgxhb09sdr51nc9hdm8az5b08vzkgx-glibc-2.35-163/lib/libm.so.6
7f449f475000-7f449f476000 r--p 000dd000 00:1227 4611686019027979927      /nix/store/4nlgxhb09sdr51nc9hdm8az5b08vzkgx-glibc-2.35-163/lib/libm.so.6
7f449f476000-7f449f477000 rw-p 000de000 00:1227 4611686019027979927      /nix/store/4nlgxhb09sdr51nc9hdm8az5b08vzkgx-glibc-2.35-163/lib/libm.so.6
7f449f477000-7f449f478000 r--p 00000000 00:1227 4611686019027979946      /nix/store/4nlgxhb09sdr51nc9hdm8az5b08vzkgx-glibc-2.35-163/lib/librt.so.1
7f449f478000-7f449f479000 r-xp 00001000 00:1227 4611686019027979946      /nix/store/4nlgxhb09sdr51nc9hdm8az5b08vzkgx-glibc-2.35-163/lib/librt.so.1
7f449f479000-7f449f47a000 r--p 00002000 00:1227 4611686019027979946      /nix/store/4nlgxhb09sdr51nc9hdm8az5b08vzkgx-glibc-2.35-163/lib/librt.so.1
7f449f47a000-7f449f47b000 r--p 00002000 00:1227 4611686019027979946      /nix/store/4nlgxhb09sdr51nc9hdm8az5b08vzkgx-glibc-2.35-163/lib/librt.so.1
7f449f47b000-7f449f47c000 rw-p 00003000 00:1227 4611686019027979946      /nix/store/4nlgxhb09sdr51nc9hdm8az5b08vzkgx-glibc-2.35-163/lib/librt.so.1
7f449f47c000-7f44a058f000 r-xp 00000000 00:1227 4611686019135360866      /nix/store/gpxl5qgg8kicmcvivwmybwjlpf7wh20l-graalvm17-ce-22.3.0/lib/server/libjvm.so
7f44a058f000-7f44a0590000 ---p 01113000 00:1227 4611686019135360866      /nix/store/gpxl5qgg8kicmcvivwmybwjlpf7wh20l-graalvm17-ce-22.3.0/lib/server/libjvm.so
7f44a0590000-7f44a0645000 r--p 01113000 00:1227 4611686019135360866      /nix/store/gpxl5qgg8kicmcvivwmybwjlpf7wh20l-graalvm17-ce-22.3.0/lib/server/libjvm.so
7f44a0645000-7f44a0679000 rw-p 011c8000 00:1227 4611686019135360866      /nix/store/gpxl5qgg8kicmcvivwmybwjlpf7wh20l-graalvm17-ce-22.3.0/lib/server/libjvm.so
7f44a0679000-7f44a06d5000 rw-p 00000000 00:00 0 
7f44a06d5000-7f44a06fd000 r--p 00000000 00:1227 4611686019027979918      /nix/store/4nlgxhb09sdr51nc9hdm8az5b08vzkgx-glibc-2.35-163/lib/libc.so.6
7f44a06fd000-7f44a0873000 r-xp 00028000 00:1227 4611686019027979918      /nix/store/4nlgxhb09sdr51nc9hdm8az5b08vzkgx-glibc-2.35-163/lib/libc.so.6
7f44a0873000-7f44a08cb000 r--p 0019e000 00:1227 4611686019027979918      /nix/store/4nlgxhb09sdr51nc9hdm8az5b08vzkgx-glibc-2.35-163/lib/libc.so.6
7f44a08cb000-7f44a08cf000 r--p 001f6000 00:1227 4611686019027979918      /nix/store/4nlgxhb09sdr51nc9hdm8az5b08vzkgx-glibc-2.35-163/lib/libc.so.6
7f44a08cf000-7f44a08d1000 rw-p 001fa000 00:1227 4611686019027979918      /nix/store/4nlgxhb09sdr51nc9hdm8az5b08vzkgx-glibc-2.35-163/lib/libc.so.6
7f44a08d1000-7f44a08e0000 rw-p 00000000 00:00 0 
7f44a08e0000-7f44a08e1000 r--p 00000000 00:1227 4611686019027979923      /nix/store/4nlgxhb09sdr51nc9hdm8az5b08vzkgx-glibc-2.35-163/lib/libdl.so.2
7f44a08e1000-7f44a08e2000 r-xp 00001000 00:1227 4611686019027979923      /nix/store/4nlgxhb09sdr51nc9hdm8az5b08vzkgx-glibc-2.35-163/lib/libdl.so.2
7f44a08e2000-7f44a08e3000 r--p 00002000 00:1227 4611686019027979923      /nix/store/4nlgxhb09sdr51nc9hdm8az5b08vzkgx-glibc-2.35-163/lib/libdl.so.2
7f44a08e3000-7f44a08e4000 r--p 00002000 00:1227 4611686019027979923      /nix/store/4nlgxhb09sdr51nc9hdm8az5b08vzkgx-glibc-2.35-163/lib/libdl.so.2
7f44a08e4000-7f44a08e5000 rw-p 00003000 00:1227 4611686019027979923      /nix/store/4nlgxhb09sdr51nc9hdm8az5b08vzkgx-glibc-2.35-163/lib/libdl.so.2
7f44a08e5000-7f44a08e6000 r--p 00000000 00:1227 4611686019027979942      /nix/store/4nlgxhb09sdr51nc9hdm8az5b08vzkgx-glibc-2.35-163/lib/libpthread.so.0
7f44a08e6000-7f44a08e7000 r-xp 00001000 00:1227 4611686019027979942      /nix/store/4nlgxhb09sdr51nc9hdm8az5b08vzkgx-glibc-2.35-163/lib/libpthread.so.0
7f44a08e7000-7f44a08e8000 r--p 00002000 00:1227 4611686019027979942      /nix/store/4nlgxhb09sdr51nc9hdm8az5b08vzkgx-glibc-2.35-163/lib/libpthread.so.0
7f44a08e8000-7f44a08e9000 r--p 00002000 00:1227 4611686019027979942      /nix/store/4nlgxhb09sdr51nc9hdm8az5b08vzkgx-glibc-2.35-163/lib/libpthread.so.0
7f44a08e9000-7f44a08ea000 rw-p 00003000 00:1227 4611686019027979942      /nix/store/4nlgxhb09sdr51nc9hdm8az5b08vzkgx-glibc-2.35-163/lib/libpthread.so.0
7f44a08ea000-7f44a08f8000 r-xp 00000000 00:1227 4611686019135190033      /nix/store/gpxl5qgg8kicmcvivwmybwjlpf7wh20l-graalvm17-ce-22.3.0/lib/libjli.so
7f44a08f8000-7f44a08f9000 ---p 0000e000 00:1227 4611686019135190033      /nix/store/gpxl5qgg8kicmcvivwmybwjlpf7wh20l-graalvm17-ce-22.3.0/lib/libjli.so
7f44a08f9000-7f44a08fa000 r--p 0000e000 00:1227 4611686019135190033      /nix/store/gpxl5qgg8kicmcvivwmybwjlpf7wh20l-graalvm17-ce-22.3.0/lib/libjli.so
7f44a08fa000-7f44a08fb000 rw-p 0000f000 00:1227 4611686019135190033      /nix/store/gpxl5qgg8kicmcvivwmybwjlpf7wh20l-graalvm17-ce-22.3.0/lib/libjli.so
7f44a08fb000-7f44a08fc000 rw-p 00012000 00:1227 4611686019135190033      /nix/store/gpxl5qgg8kicmcvivwmybwjlpf7wh20l-graalvm17-ce-22.3.0/lib/libjli.so
7f44a08fc000-7f44a08ff000 r--p 00000000 00:1227 4611686019106210071      /nix/store/026hln0aq1hyshaxsdvhg0kmcm6yf45r-zlib-1.2.13/lib/libz.so.1.2.13
7f44a08ff000-7f44a0911000 r-xp 00003000 00:1227 4611686019106210071      /nix/store/026hln0aq1hyshaxsdvhg0kmcm6yf45r-zlib-1.2.13/lib/libz.so.1.2.13
7f44a0911000-7f44a0918000 r--p 00015000 00:1227 4611686019106210071      /nix/store/026hln0aq1hyshaxsdvhg0kmcm6yf45r-zlib-1.2.13/lib/libz.so.1.2.13
7f44a0918000-7f44a0919000 r--p 0001b000 00:1227 4611686019106210071      /nix/store/026hln0aq1hyshaxsdvhg0kmcm6yf45r-zlib-1.2.13/lib/libz.so.1.2.13
7f44a0919000-7f44a091a000 rw-p 0001c000 00:1227 4611686019106210071      /nix/store/026hln0aq1hyshaxsdvhg0kmcm6yf45r-zlib-1.2.13/lib/libz.so.1.2.13
7f44a091a000-7f44a091c000 rw-p 00000000 00:00 0 
7f44a091c000-7f44a091e000 r--p 00000000 00:1227 4611686019027979912      /nix/store/4nlgxhb09sdr51nc9hdm8az5b08vzkgx-glibc-2.35-163/lib/ld-linux-x86-64.so.2
7f44a091e000-7f44a0945000 r-xp 00002000 00:1227 4611686019027979912      /nix/store/4nlgxhb09sdr51nc9hdm8az5b08vzkgx-glibc-2.35-163/lib/ld-linux-x86-64.so.2
7f44a0945000-7f44a0951000 r--p 00029000 00:1227 4611686019027979912      /nix/store/4nlgxhb09sdr51nc9hdm8az5b08vzkgx-glibc-2.35-163/lib/ld-linux-x86-64.so.2
7f44a0951000-7f44a0953000 r--p 00034000 00:1227 4611686019027979912      /nix/store/4nlgxhb09sdr51nc9hdm8az5b08vzkgx-glibc-2.35-163/lib/ld-linux-x86-64.so.2
7f44a0953000-7f44a0955000 rw-p 00036000 00:1227 4611686019027979912      /nix/store/4nlgxhb09sdr51nc9hdm8az5b08vzkgx-glibc-2.35-163/lib/ld-linux-x86-64.so.2
7ffd136c4000-7ffd136e8000 rw-p 00000000 00:00 0                          [stack]
7ffd1370c000-7ffd13710000 r--p 00000000 00:00 0                          [vvar]
7ffd13710000-7ffd13712000 r-xp 00000000 00:00 0                          [vdso]
ffffffffff600000-ffffffffff601000 --xp 00000000 00:00 0                  [vsyscall]


VM Arguments:
jvm_args: -XX:ThreadPriorityPolicy=1 -XX:+UnlockExperimentalVMOptions -XX:+EnableJVMCIProduct -XX:JVMCIThreadsPerNativeLibraryRuntime=1 -XX:-UnlockExperimentalVMOptions -Declipse.application=org.eclipse.jdt.ls.core.id1 -Dosgi.bundles.defaultStartLevel=4 -Declipse.product=org.eclipse.jdt.ls.core.product -Dlog.level=ALL -Xverify:none -XX:+UseParallelGC -XX:GCTimeRatio=4 -XX:AdaptiveSizePolicyWeight=90 -Dsun.zip.disableMemoryMapping=true -Xmx512m -Xms100m 
java_command: /nix/store/m6gcpi1ii6rghy04cjwjddcavv7i90df-jdt-language-server-1.9.0/share/java/plugins/org.eclipse.equinox.launcher_1.6.400.v20210924-0641.jar --add-modules=ALL-SYSTEM --add-opens java.base/java.util=ALL-UNNAMED --add-opens java.base/java.lang=ALL-UNNAMED -configuration /home/runner/.cache/jdt-language-server/config -data /home/runner/.cache/jdt-language-server/data/home/runner/Zadanie23-Suma
java_class_path (initial): /nix/store/m6gcpi1ii6rghy04cjwjddcavv7i90df-jdt-language-server-1.9.0/share/java/plugins/org.eclipse.equinox.launcher_1.6.400.v20210924-0641.jar
Launcher Type: SUN_STANDARD

[Global flags]
    uintx AdaptiveSizePolicyWeight                 = 90                                        {product} {command line}
     intx CICompilerCount                          = 2                                         {product} {ergonomic}
     bool EnableJVMCIProduct                       = true                                {JVMCI product} {jimage}
    uintx GCTimeRatio                              = 4                                         {product} {command line}
   size_t InitialHeapSize                          = 104857600                                 {product} {command line}
     uint JVMCIThreadsPerNativeLibraryRuntime      = 1                                   {JVMCI product} {jimage}
   size_t MaxHeapSize                              = 536870912                                 {product} {command line}
   size_t MaxNewSize                               = 178782208                                 {product} {ergonomic}
   size_t MinHeapDeltaBytes                        = 524288                                    {product} {ergonomic}
   size_t MinHeapSize                              = 104857600                                 {product} {command line}
   size_t NewSize                                  = 34603008                                  {product} {ergonomic}
    uintx NonNMethodCodeHeapSize                   = 5826188                                {pd product} {ergonomic}
    uintx NonProfiledCodeHeapSize                  = 122916026                              {pd product} {ergonomic}
   size_t OldSize                                  = 70254592                                  {product} {ergonomic}
    uintx ProfiledCodeHeapSize                     = 122916026                              {pd product} {ergonomic}
    uintx ReservedCodeCacheSize                    = 251658240                              {pd product} {ergonomic}
     bool SegmentedCodeCache                       = true                                      {product} {ergonomic}
   size_t SoftMaxHeapSize                          = 536870912                              {manageable} {ergonomic}
     intx ThreadPriorityPolicy                     = 1                                         {product} {jimage}
     bool UseCompressedClassPointers               = true                           {product lp64_product} {ergonomic}
     bool UseCompressedOops                        = true                           {product lp64_product} {ergonomic}
     bool UseParallelGC                            = true                                      {product} {command line}

Logging:
Log output configuration:
 #0: stdout all=warning uptime,level,tags
 #1: stderr all=off uptime,level,tags

Environment Variables:
JAVA_HOME=/nix/store/gpxl5qgg8kicmcvivwmybwjlpf7wh20l-graalvm17-ce-22.3.0
PATH=/nix/store/1d6ian3r8kdzspw8hacjhl3xkp40g1lj-binutils-wrapper-2.39/bin:/nix/store/dq0xwmsk1g0i2ayg6pb7y87na2knzylh-gcc-wrapper-11.3.0/bin:/nix/store/bap4d0lpcrhpwmpb8ayjcgkmvfj62lnq-bash-interactive-5.1-p16/bin:/nix/store/pr5n59mb4jzmfx6kanwxly0l07p861fg-patchelf-0.15.0/bin:/nix/store/1gf2flfqnpqbr1b4p4qz2f72y42bs56r-gcc-11.3.0/bin:/nix/store/57xv61c5zi8pphjbcwxxjlgc34p61ic9-glibc-2.35-163-bin/bin:/nix/store/a7gvj343m05j2s32xcnwr35v31ynlypr-coreutils-9.1/bin:/nix/store/039g378vc3pc3dvi9dzdlrd0i4q93qwf-binutils-2.39/bin:/nix/store/gpxl5qgg8kicmcvivwmybwjlpf7wh20l-graalvm17-ce-22.3.0/bin:/nix/store/6z9ag3ihc8mq2hzsw48lhbznvzny65nz-apache-maven-3.8.6/bin:/nix/store/m6gcpi1ii6rghy04cjwjddcavv7i90df-jdt-language-server-1.9.0/bin:/nix/store/84xs5alhs01zrbr4ywm05kxbjbp5590l-java-debug/bin:/nix/store/mydc6f4k2z73xlcz7ilif3v2lcaiqvza-findutils-4.9.0/bin:/nix/store/j9p3g8472iijd50vhdprx0nmk2fqn5gv-diffutils-3.8/bin:/nix/store/89zs7rms6x00xfq4dq6m7mjnhkr8a6r4-gnused-4.8/bin:/nix/store/86bp03jkmsl6f92w0yzg4s59g5mhxwmy-gnugrep-3.7/bin:/nix/store/hwcdqw4jrjnd37wxqgsd47hd0j8bnj09-gawk-5.1.1/bin:/nix/store/cfbhw8r8ags41vwqaz47r583d0p4h4a1-gnutar-1.34/bin:/nix/store/p3m1ndl1lapwrlh698bnb5lvvxh67378-gzip-1.12/bin:/nix/store/a8mhcagrsly7c7mpjrpsnaahk4aax056-bzip2-1.0.8-bin/bin:/nix/store/mblgz65m3zv9x548a3d5m96fj2pbwr09-gnumake-4.3/bin:/nix/store/dsd5gz46hdbdk2rfdimqddhq6m8m8fqs-bash-5.1-p16/bin:/nix/store/v7ljksji50mg3w61dykaa3n3y79n6nil-patch-2.7.6/bin:/nix/store/zlcnmqq14jz5x9439jf937mvayyl63da-xz-5.2.7-bin/bin:/nix/store/y6aj732zm9m87c82fpvf103a1xb22blp-file-5.43/bin:/nix/store/sgqd0ajghcv2axfl1lad0b1alyavp0dc-prybar-elisp-0.0.0-67f7a00/bin:/nix/store/p3hsvljpgs68jqwar41lc0jqhjj734lf-prybar-lua-0.0.0-67f7a00/bin:/nix/store/qzxs2gybds3s9kb1vkaflpgm2nwr85fh-prybar-python3-0.0.0-67f7a00/bin:/nix/store/km94z9mxp8w4m8gxxp5mbfpdf3nkfvd8-prybar-sqlite-0.0.0-67f7a00/bin:/nix/store/2pnc7b76asw0z59c4l6h6qy8arwqrii1-prybar-tcl-0.0.0-67f7a00/bin:/nix/store/hpbvrlwd5viqmvcaisb3x0118i913a9n-st
LD_LIBRARY_PATH=/nix/store/a4pff549sk2idnkpzk5nsfps3mdkdnvm-cups-2.4.2-lib/lib:/nix/store/72mqxxhh3cy5yifh92wh2yb8cl2hikyy-cairo-1.16.0/lib:/nix/store/2k366jrbsra97gjfxwvrhvixjfxdach5-glib-2.74.1/lib:/nix/store/2j2znigd8ak37rlwh9khz0ry3clqlw1l-gtk+3-3.24.34/lib:/nix/store/hisqvx32cd57apbpcsnkpx6k3549wql1-libglvnd-1.4.0/lib:/nix/store/p36pgcv991mq5srvg765b78yqpxvk3qs-mesa-21.3.3-drivers/lib:/nix/store/mav4251if1ahjq5vkpwycyyvnmy459c4-pulseaudio-14.2/lib
DISPLAY=:0
LANG=en_US.UTF-8

Signal Handlers:
   SIGSEGV: crash_handler in libjvm.so, mask=11100100010111111101111111111110, flags=SA_RESTART|SA_SIGINFO
    SIGBUS: crash_handler in libjvm.so, mask=11100100010111111101111111111110, flags=SA_RESTART|SA_SIGINFO
    SIGFPE: crash_handler in libjvm.so, mask=11100100010111111101111111111110, flags=SA_RESTART|SA_SIGINFO
   SIGPIPE: IsolateEnterStub_IgnoreSIGPIPEStartupHook_noopSignalHandler_8f19bff2f35b5f630d83b364d6b2339320d4ec70_216e8361c6bc87a8f89f58cc10d3b2fd4415bf87 in libjvmcicompiler.so, mask=00000000000000000000000000000000, flags=SA_RESTART
  *** Handler was modified!
  *** Expected: javaSignalHandler in libjvm.so, mask=11100100110111111111111111111110, flags=SA_RESTART|SA_SIGINFO
   SIGXFSZ: javaSignalHandler in libjvm.so, mask=11100100010111111101111111111110, flags=SA_RESTART|SA_SIGINFO
    SIGILL: crash_handler in libjvm.so, mask=11100100010111111101111111111110, flags=SA_RESTART|SA_SIGINFO
   SIGUSR2: SR_handler in libjvm.so, mask=00000000000000000000000000000000, flags=SA_RESTART|SA_SIGINFO
    SIGHUP: UserHandler in libjvm.so, mask=11100100010111111101111111111110, flags=SA_RESTART|SA_SIGINFO
    SIGINT: UserHandler in libjvm.so, mask=11100100010111111101111111111110, flags=SA_RESTART|SA_SIGINFO
   SIGTERM: UserHandler in libjvm.so, mask=11100100010111111101111111111110, flags=SA_RESTART|SA_SIGINFO
   SIGQUIT: UserHandler in libjvm.so, mask=11100100010111111101111111111110, flags=SA_RESTART|SA_SIGINFO
  *** Handler was modified!
  *** Expected: javaSignalHandler in libjvm.so, mask=11100100110111111111111111111110, flags=SA_RESTART|SA_SIGINFO
   SIGTRAP: crash_handler in libjvm.so, mask=11100100010111111101111111111110, flags=SA_RESTART|SA_SIGINFO


---------------  S Y S T E M  ---------------

OS:
DISTRIB_ID=Ubuntu
DISTRIB_RELEASE=20.04
DISTRIB_CODENAME=focal
DISTRIB_DESCRIPTION="Ubuntu 20.04.2 LTS"
uname: Linux 5.15.0-1030-gcp #37~20.04.1-Ubuntu SMP Mon Feb 20 04:30:57 UTC 2023 x86_64
OS uptime: 0 days 9:40 hours
libc: glibc 2.35 NPTL 2.35 
rlimit (soft/hard): STACK 8192k/infinity , CORE infinity/infinity , NPROC infinity/infinity , NOFILE 5242/5242 , AS infinity/infinity , CPU infinity/infinity , DATA infinity/infinity , FSIZE infinity/infinity , MEMLOCK 64k/64k
load average: 7.46 11.25 14.17

/proc/meminfo:
MemTotal:       65852728 kB
MemFree:        26989256 kB
MemAvailable:   47510336 kB
Buffers:         2808088 kB
Cached:         16586988 kB
SwapCached:            0 kB
Active:          9581308 kB
Inactive:       25302432 kB
Active(anon):      16132 kB
Inactive(anon): 15352696 kB
Active(file):    9565176 kB
Inactive(file):  9949736 kB
Unevictable:       43212 kB
Mlocked:           43212 kB
SwapTotal:             0 kB
SwapFree:              0 kB
Dirty:              9152 kB
Writeback:             0 kB
AnonPages:      14297848 kB
Mapped:          2244816 kB
Shmem:             67936 kB
KReclaimable:    1732768 kB
Slab:            2967504 kB
SReclaimable:    1732768 kB
SUnreclaim:      1234736 kB
KernelStack:      400156 kB
PageTables:       185520 kB
NFS_Unstable:          0 kB
Bounce:                0 kB
WritebackTmp:          0 kB
CommitLimit:    32926364 kB
Committed_AS:   68297032 kB
VmallocTotal:   34359738367 kB
VmallocUsed:      438232 kB
VmallocChunk:          0 kB
Percpu:            62016 kB
HardwareCorrupted:     0 kB
AnonHugePages:   1372160 kB
ShmemHugePages:        0 kB
ShmemPmdMapped:        0 kB
FileHugePages:         0 kB
FilePmdMapped:         0 kB
HugePages_Total:       0
HugePages_Free:        0
HugePages_Rsvd:        0
HugePages_Surp:        0
Hugepagesize:       2048 kB
Hugetlb:               0 kB
DirectMap4k:     4760384 kB
DirectMap2M:    41373696 kB
DirectMap1G:    23068672 kB

/sys/kernel/mm/transparent_hugepage/enabled: always [madvise] never
/sys/kernel/mm/transparent_hugepage/defrag (defrag/compaction efforts parameter): always defer defer+madvise [madvise] never

Process Memory:
Virtual Size: 5262972K (peak: 5371708K)
Resident Set Size: 748736K (peak: 862640K) (anon: 552008K, file: 196728K, shmem: 0K)
Swapped out: 0K
C-Heap outstanding allocations: 44978K, retained: 12777K
glibc malloc tunables: (default)

/proc/sys/kernel/threads-max (system-wide limit on the number of threads): 514406
/proc/sys/vm/max_map_count (maximum number of memory map areas a process may have): 65530
/proc/sys/kernel/pid_max (system-wide limit on number of process identifiers): 4194304

container (cgroup) information:
container_type: cgroupv1
cpu_cpuset_cpus: 2-7
cpu_memory_nodes: 0
active_processor_count: 1
cpu_quota: 50000
cpu_period: 100000
cpu_shares: 512
memory_limit_in_bytes: 1048576 k
memory_and_swap_limit_in_bytes: 1048576 k
memory_soft_limit_in_bytes: 524288 k
memory_usage_in_bytes: 598892 k
memory_max_usage_in_bytes: 708432 k
maximum number of tasks: 1000
current number of tasks: 50

KVM virtualization detected
Steal ticks since vm start: 0
Steal ticks percentage since vm start:  0.000

CPU: total 8 (initial active 1) (8 cores per cpu, 2 threads per core) family 23 model 49 stepping 0 microcode 0xffffffff, cx8, cmov, fxsr, ht, mmx, 3dnowpref, sse, sse2, sse3, ssse3, sse4a, sse4.1, sse4.2, popcnt, lzcnt, tsc, tscinvbit, avx, avx2, aes, clmul, bmi1, bmi2, adx, sha, fma, vzeroupper, clflush, clflushopt, hv
CPU Model and flags from /proc/cpuinfo:
model name	: AMD EPYC 7B12
flags		: fpu vme de pse tsc msr pae mce cx8 apic sep mtrr pge mca cmov pat pse36 clflush mmx fxsr sse sse2 ht syscall nx mmxext fxsr_opt pdpe1gb rdtscp lm constant_tsc rep_good nopl nonstop_tsc cpuid extd_apicid tsc_known_freq pni pclmulqdq ssse3 fma cx16 sse4_1 sse4_2 movbe popcnt aes xsave avx f16c rdrand hypervisor lahf_lm cmp_legacy cr8_legacy abm sse4a misalignsse 3dnowprefetch osvw topoext ssbd ibrs ibpb stibp vmmcall fsgsbase tsc_adjust bmi1 avx2 smep bmi2 rdseed adx smap clflushopt clwb sha_ni xsaveopt xsavec xgetbv1 clzero xsaveerptr arat npt nrip_save umip rdpid

Online cpus: 0-7
Offline cpus: 
BIOS frequency limitation: <Not Available>
Frequency switch latency (ns): <Not Available>
Available cpu frequencies: <Not Available>
Current governor: <Not Available>
Core performance/turbo boost: <Not Available>

Memory: 4k page, physical 1048576k(449680k free), swap 0k(0k free)
Page Sizes: 4k

vm_info: OpenJDK 64-Bit Server VM (17.0.5+8-jvmci-22.3-b08) for linux-amd64 JRE (17.0.5+8-jvmci-22.3-b08), built on Oct 19 2022 09:01:27 by "buildslave" with gcc 10.3.0

END.
